{"contracts/Constants.sol":{"l":{},"path":"/home/marco/Documenti/University/P2P/MasterMind/contracts/Constants.sol","s":{},"b":{},"f":{},"fnMap":{},"statementMap":{},"branchMap":{}},"contracts/Events.sol":{"l":{},"path":"/home/marco/Documenti/University/P2P/MasterMind/contracts/Events.sol","s":{},"b":{},"f":{},"fnMap":{},"statementMap":{},"branchMap":{}},"contracts/Game.sol":{"l":{"41":64,"47":273,"48":271,"53":240,"54":239,"59":782,"60":773,"64":84,"71":83,"77":32,"79":8,"84":6,"88":76,"96":692,"100":692,"105":692,"106":692,"118":51,"119":51,"127":15,"128":15,"129":15,"143":32,"144":32,"145":20,"147":32,"162":88,"163":88,"169":87,"170":1,"172":86,"173":86,"175":86,"176":41,"178":86,"192":71,"193":70,"197":70,"199":69,"209":38,"210":38,"222":233,"223":233,"224":233,"237":202,"238":202,"239":202,"253":28,"254":27,"255":27,"256":27,"269":5,"272":4,"273":4,"274":4,"277":4,"278":16,"279":10,"280":10,"281":10,"286":4,"287":16,"289":6,"290":21,"292":7,"293":2,"294":2,"295":2,"300":4,"312":20,"317":20,"323":20,"324":20,"325":20,"326":20,"328":20,"337":5,"347":76,"348":76,"358":4,"359":4,"364":4,"365":4,"367":4,"368":3},"path":"/home/marco/Documenti/University/P2P/MasterMind/contracts/Game.sol","s":{"1":273,"2":240,"3":782,"4":84,"5":83,"6":37,"7":46,"8":32,"9":14,"10":8,"11":6,"12":6,"13":692,"14":692,"15":996,"16":491,"17":78,"18":15,"19":15,"20":32,"21":32,"22":88,"23":88,"24":87,"25":1,"26":86,"27":86,"28":86,"29":71,"30":70,"31":70,"32":69,"33":233,"34":28,"35":5,"36":4,"37":4,"38":4,"39":4,"40":4,"41":4,"42":16,"43":4,"44":16,"45":6,"46":21,"47":7,"48":4,"49":20,"50":20,"51":5,"52":4,"53":4,"54":4,"55":4,"56":1,"57":3,"58":1,"59":2},"b":{"1":[271,2],"2":[239,1],"3":[773,9],"4":[83,1],"5":[37,46],"6":[2,31],"7":[31,4],"8":[37,0],"9":[32,14],"10":[32,0],"11":[8,6],"12":[4,4],"13":[6,0],"14":[3,3],"15":[692,0],"16":[620,72],"17":[692,0],"18":[620,72],"19":[51,0],"20":[32,0],"21":[32,0],"22":[32,0],"23":[20,12],"24":[88,3],"25":[88,0],"26":[88,0],"27":[87,1],"28":[45,42],"29":[1,86],"30":[41,45],"31":[71,2],"32":[71,0],"33":[70,1],"34":[70,0],"35":[37,33],"36":[69,1],"37":[40,1],"38":[38,2],"39":[38,0],"40":[234,1],"41":[233,1],"42":[233,0],"43":[233,0],"44":[205,28],"45":[203,0],"46":[202,1],"47":[202,0],"48":[199,3],"49":[28,1],"50":[28,0],"51":[28,0],"52":[27,1],"53":[5,0],"54":[5,0],"55":[4,1],"56":[10,6],"57":[10,6],"58":[14,7],"59":[2,5],"60":[20,0],"61":[20,0],"62":[5,15],"63":[5,0],"64":[0,1],"65":[4,1],"66":[76,8],"67":[4,0],"68":[4,0],"69":[1,3],"70":[1,2]},"f":{"1":64,"2":273,"3":240,"4":782,"5":84,"6":692,"7":996,"8":491,"9":51,"10":78,"11":15,"12":32,"13":88,"14":71,"15":38,"16":233,"17":202,"18":28,"19":5,"20":20,"21":5,"22":76,"23":4},"fnMap":{"1":{"name":"newGame","line":40,"loc":{"start":{"line":40,"column":4},"end":{"line":43,"column":4}}},"2":{"name":"codeMakerTurn","line":46,"loc":{"start":{"line":46,"column":4},"end":{"line":49,"column":4}}},"3":{"name":"codeBreakerTurn","line":52,"loc":{"start":{"line":52,"column":4},"end":{"line":55,"column":4}}},"4":{"name":"checkPhase","line":58,"loc":{"start":{"line":58,"column":4},"end":{"line":61,"column":4}}},"5":{"name":"otherPlayerTurn","line":63,"loc":{"start":{"line":63,"column":4},"end":{"line":89,"column":4}}},"6":{"name":"checkAFK","line":95,"loc":{"start":{"line":95,"column":4},"end":{"line":107,"column":4}}},"7":{"name":"getCodeMaker","line":109,"loc":{"start":{"line":109,"column":4},"end":{"line":110,"column":51}}},"8":{"name":"getCodeBreaker","line":112,"loc":{"start":{"line":112,"column":4},"end":{"line":113,"column":53}}},"9":{"name":"setCodeBreaker","line":117,"loc":{"start":{"line":116,"column":4},"end":{"line":120,"column":4}}},"10":{"name":"howManyPayed","line":122,"loc":{"start":{"line":122,"column":4},"end":{"line":123,"column":56}}},"11":{"name":"popStake","line":126,"loc":{"start":{"line":126,"column":4},"end":{"line":130,"column":4}}},"12":{"name":"shuffleRoles","line":142,"loc":{"start":{"line":141,"column":4},"end":{"line":148,"column":4}}},"13":{"name":"declareStake","line":161,"loc":{"start":{"line":160,"column":4},"end":{"line":179,"column":4}}},"14":{"name":"setStake","line":191,"loc":{"start":{"line":190,"column":4},"end":{"line":200,"column":4}}},"15":{"name":"setHash","line":208,"loc":{"start":{"line":207,"column":4},"end":{"line":211,"column":4}}},"16":{"name":"pushGuess","line":221,"loc":{"start":{"line":220,"column":4},"end":{"line":225,"column":4}}},"17":{"name":"pushFeedback","line":236,"loc":{"start":{"line":235,"column":4},"end":{"line":240,"column":4}}},"18":{"name":"reveal","line":252,"loc":{"start":{"line":251,"column":4},"end":{"line":257,"column":4}}},"19":{"name":"correctFeedback","line":268,"loc":{"start":{"line":267,"column":4},"end":{"line":301,"column":4}}},"20":{"name":"getPoints","line":311,"loc":{"start":{"line":310,"column":4},"end":{"line":329,"column":4}}},"21":{"name":"whoWon","line":336,"loc":{"start":{"line":336,"column":4},"end":{"line":339,"column":4}}},"22":{"name":"accuseAFK","line":346,"loc":{"start":{"line":346,"column":4},"end":{"line":349,"column":4}}},"23":{"name":"winByAFK","line":357,"loc":{"start":{"line":357,"column":4},"end":{"line":370,"column":4}}}},"statementMap":{"1":{"start":{"line":47,"column":8},"end":{"line":47,"column":65}},"2":{"start":{"line":53,"column":8},"end":{"line":53,"column":67}},"3":{"start":{"line":59,"column":8},"end":{"line":59,"column":66}},"4":{"start":{"line":64,"column":8},"end":{"line":64,"column":2401}},"5":{"start":{"line":71,"column":8},"end":{"line":71,"column":2611}},"6":{"start":{"line":75,"column":12},"end":{"line":75,"column":72}},"7":{"start":{"line":76,"column":13},"end":{"line":76,"column":2844}},"8":{"start":{"line":77,"column":12},"end":{"line":77,"column":72}},"9":{"start":{"line":78,"column":13},"end":{"line":78,"column":2965}},"10":{"start":{"line":79,"column":12},"end":{"line":79,"column":3015}},"11":{"start":{"line":83,"column":13},"end":{"line":83,"column":3200}},"12":{"start":{"line":84,"column":12},"end":{"line":84,"column":3250}},"13":{"start":{"line":96,"column":8},"end":{"line":96,"column":3658}},"14":{"start":{"line":100,"column":8},"end":{"line":100,"column":3817}},"15":{"start":{"line":110,"column":28},"end":{"line":110,"column":49}},"16":{"start":{"line":113,"column":28},"end":{"line":113,"column":51}},"17":{"start":{"line":123,"column":28},"end":{"line":123,"column":54}},"18":{"start":{"line":127,"column":8},"end":{"line":127,"column":32}},"19":{"start":{"line":129,"column":8},"end":{"line":129,"column":18}},"20":{"start":{"line":143,"column":8},"end":{"line":143,"column":93}},"21":{"start":{"line":144,"column":8},"end":{"line":144,"column":5752}},"22":{"start":{"line":162,"column":8},"end":{"line":162,"column":62}},"23":{"start":{"line":163,"column":8},"end":{"line":163,"column":6556}},"24":{"start":{"line":169,"column":8},"end":{"line":169,"column":6766}},"25":{"start":{"line":170,"column":12},"end":{"line":170,"column":24}},"26":{"start":{"line":173,"column":8},"end":{"line":173,"column":39}},"27":{"start":{"line":175,"column":8},"end":{"line":175,"column":6949}},"28":{"start":{"line":178,"column":8},"end":{"line":178,"column":19}},"29":{"start":{"line":192,"column":8},"end":{"line":192,"column":62}},"30":{"start":{"line":193,"column":8},"end":{"line":193,"column":7679}},"31":{"start":{"line":197,"column":8},"end":{"line":197,"column":53}},"32":{"start":{"line":199,"column":8},"end":{"line":199,"column":36}},"33":{"start":{"line":222,"column":8},"end":{"line":222,"column":74}},"34":{"start":{"line":253,"column":8},"end":{"line":253,"column":68}},"35":{"start":{"line":269,"column":8},"end":{"line":269,"column":100}},"36":{"start":{"line":271,"column":8},"end":{"line":271,"column":26}},"37":{"start":{"line":271,"column":28},"end":{"line":271,"column":46}},"38":{"start":{"line":272,"column":8},"end":{"line":272,"column":111}},"39":{"start":{"line":273,"column":8},"end":{"line":273,"column":45}},"40":{"start":{"line":274,"column":8},"end":{"line":274,"column":42}},"41":{"start":{"line":277,"column":8},"end":{"line":277,"column":11671}},"42":{"start":{"line":278,"column":12},"end":{"line":278,"column":11725}},"43":{"start":{"line":286,"column":8},"end":{"line":286,"column":11980}},"44":{"start":{"line":287,"column":12},"end":{"line":287,"column":42}},"45":{"start":{"line":289,"column":12},"end":{"line":289,"column":12080}},"46":{"start":{"line":290,"column":16},"end":{"line":290,"column":49}},"47":{"start":{"line":292,"column":16},"end":{"line":292,"column":12190}},"48":{"start":{"line":300,"column":8},"end":{"line":300,"column":49}},"49":{"start":{"line":312,"column":8},"end":{"line":312,"column":12886}},"50":{"start":{"line":328,"column":8},"end":{"line":328,"column":55}},"51":{"start":{"line":337,"column":8},"end":{"line":337,"column":13878}},"52":{"start":{"line":358,"column":8},"end":{"line":358,"column":85}},"53":{"start":{"line":359,"column":8},"end":{"line":359,"column":14814}},"54":{"start":{"line":364,"column":8},"end":{"line":364,"column":34}},"55":{"start":{"line":367,"column":8},"end":{"line":367,"column":55}},"56":{"start":{"line":367,"column":47},"end":{"line":367,"column":55}},"57":{"start":{"line":368,"column":8},"end":{"line":368,"column":15138}},"58":{"start":{"line":368,"column":47},"end":{"line":368,"column":59}},"59":{"start":{"line":369,"column":13},"end":{"line":369,"column":29}}},"branchMap":{"1":{"line":47,"type":"if","locations":[{"start":{"line":47,"column":8},"end":{"line":47,"column":8}},{"start":{"line":47,"column":8},"end":{"line":47,"column":8}}]},"2":{"line":53,"type":"if","locations":[{"start":{"line":53,"column":8},"end":{"line":53,"column":8}},{"start":{"line":53,"column":8},"end":{"line":53,"column":8}}]},"3":{"line":59,"type":"if","locations":[{"start":{"line":59,"column":8},"end":{"line":59,"column":8}},{"start":{"line":59,"column":8},"end":{"line":59,"column":8}}]},"4":{"line":64,"type":"if","locations":[{"start":{"line":64,"column":8},"end":{"line":64,"column":8}},{"start":{"line":64,"column":8},"end":{"line":64,"column":8}}]},"5":{"line":71,"type":"if","locations":[{"start":{"line":71,"column":8},"end":{"line":71,"column":8}},{"start":{"line":71,"column":8},"end":{"line":71,"column":8}}]},"6":{"line":72,"type":"cond-expr","locations":[{"start":{"line":72,"column":12},"end":{"line":72,"column":41}},{"start":{"line":73,"column":12},"end":{"line":73,"column":39}}]},"7":{"line":72,"type":"cond-expr","locations":[{"start":{"line":72,"column":12},"end":{"line":73,"column":39}},{"start":{"line":74,"column":12},"end":{"line":74,"column":39}}]},"8":{"line":75,"type":"if","locations":[{"start":{"line":75,"column":12},"end":{"line":75,"column":12}},{"start":{"line":75,"column":12},"end":{"line":75,"column":12}}]},"9":{"line":76,"type":"if","locations":[{"start":{"line":76,"column":13},"end":{"line":76,"column":13}},{"start":{"line":76,"column":13},"end":{"line":76,"column":13}}]},"10":{"line":77,"type":"if","locations":[{"start":{"line":77,"column":12},"end":{"line":77,"column":12}},{"start":{"line":77,"column":12},"end":{"line":77,"column":12}}]},"11":{"line":78,"type":"if","locations":[{"start":{"line":78,"column":13},"end":{"line":78,"column":13}},{"start":{"line":78,"column":13},"end":{"line":78,"column":13}}]},"12":{"line":79,"type":"if","locations":[{"start":{"line":79,"column":12},"end":{"line":79,"column":12}},{"start":{"line":79,"column":12},"end":{"line":79,"column":12}}]},"13":{"line":83,"type":"if","locations":[{"start":{"line":83,"column":13},"end":{"line":83,"column":13}},{"start":{"line":83,"column":13},"end":{"line":83,"column":13}}]},"14":{"line":84,"type":"if","locations":[{"start":{"line":84,"column":12},"end":{"line":84,"column":12}},{"start":{"line":84,"column":12},"end":{"line":84,"column":12}}]},"15":{"line":96,"type":"if","locations":[{"start":{"line":96,"column":8},"end":{"line":96,"column":8}},{"start":{"line":96,"column":8},"end":{"line":96,"column":8}}]},"16":{"line":97,"type":"cond-expr","locations":[{"start":{"line":97,"column":12},"end":{"line":97,"column":33}},{"start":{"line":97,"column":38},"end":{"line":97,"column":59}}]},"17":{"line":100,"type":"if","locations":[{"start":{"line":100,"column":8},"end":{"line":100,"column":8}},{"start":{"line":100,"column":8},"end":{"line":100,"column":8}}]},"18":{"line":101,"type":"cond-expr","locations":[{"start":{"line":101,"column":12},"end":{"line":101,"column":33}},{"start":{"line":102,"column":12},"end":{"line":102,"column":81}}]},"19":{"line":117,"type":"if","locations":[{"start":{"line":117,"column":8},"end":{"line":117,"column":8}},{"start":{"line":117,"column":8},"end":{"line":117,"column":8}}]},"20":{"line":142,"type":"if","locations":[{"start":{"line":142,"column":8},"end":{"line":142,"column":8}},{"start":{"line":142,"column":8},"end":{"line":142,"column":8}}]},"21":{"line":142,"type":"if","locations":[{"start":{"line":142,"column":44},"end":{"line":142,"column":44}},{"start":{"line":142,"column":44},"end":{"line":142,"column":44}}]},"22":{"line":143,"type":"if","locations":[{"start":{"line":143,"column":8},"end":{"line":143,"column":8}},{"start":{"line":143,"column":8},"end":{"line":143,"column":8}}]},"23":{"line":144,"type":"if","locations":[{"start":{"line":144,"column":8},"end":{"line":144,"column":8}},{"start":{"line":144,"column":8},"end":{"line":144,"column":8}}]},"24":{"line":161,"type":"if","locations":[{"start":{"line":161,"column":8},"end":{"line":161,"column":8}},{"start":{"line":161,"column":8},"end":{"line":161,"column":8}}]},"25":{"line":161,"type":"if","locations":[{"start":{"line":161,"column":44},"end":{"line":161,"column":44}},{"start":{"line":161,"column":44},"end":{"line":161,"column":44}}]},"26":{"line":162,"type":"if","locations":[{"start":{"line":162,"column":8},"end":{"line":162,"column":8}},{"start":{"line":162,"column":8},"end":{"line":162,"column":8}}]},"27":{"line":163,"type":"if","locations":[{"start":{"line":163,"column":8},"end":{"line":163,"column":8}},{"start":{"line":163,"column":8},"end":{"line":163,"column":8}}]},"28":{"line":164,"type":"cond-expr","locations":[{"start":{"line":164,"column":12},"end":{"line":164,"column":38}},{"start":{"line":165,"column":12},"end":{"line":165,"column":76}}]},"29":{"line":169,"type":"if","locations":[{"start":{"line":169,"column":8},"end":{"line":169,"column":8}},{"start":{"line":169,"column":8},"end":{"line":169,"column":8}}]},"30":{"line":175,"type":"if","locations":[{"start":{"line":175,"column":8},"end":{"line":175,"column":8}},{"start":{"line":175,"column":8},"end":{"line":175,"column":8}}]},"31":{"line":191,"type":"if","locations":[{"start":{"line":191,"column":8},"end":{"line":191,"column":8}},{"start":{"line":191,"column":8},"end":{"line":191,"column":8}}]},"32":{"line":191,"type":"if","locations":[{"start":{"line":191,"column":44},"end":{"line":191,"column":44}},{"start":{"line":191,"column":44},"end":{"line":191,"column":44}}]},"33":{"line":192,"type":"if","locations":[{"start":{"line":192,"column":8},"end":{"line":192,"column":8}},{"start":{"line":192,"column":8},"end":{"line":192,"column":8}}]},"34":{"line":193,"type":"if","locations":[{"start":{"line":193,"column":8},"end":{"line":193,"column":8}},{"start":{"line":193,"column":8},"end":{"line":193,"column":8}}]},"35":{"line":194,"type":"cond-expr","locations":[{"start":{"line":194,"column":12},"end":{"line":194,"column":35}},{"start":{"line":194,"column":40},"end":{"line":194,"column":98}}]},"36":{"line":197,"type":"if","locations":[{"start":{"line":197,"column":8},"end":{"line":197,"column":8}},{"start":{"line":197,"column":8},"end":{"line":197,"column":8}}]},"37":{"line":208,"type":"if","locations":[{"start":{"line":208,"column":8},"end":{"line":208,"column":8}},{"start":{"line":208,"column":8},"end":{"line":208,"column":8}}]},"38":{"line":208,"type":"if","locations":[{"start":{"line":208,"column":28},"end":{"line":208,"column":28}},{"start":{"line":208,"column":28},"end":{"line":208,"column":28}}]},"39":{"line":208,"type":"if","locations":[{"start":{"line":208,"column":63},"end":{"line":208,"column":63}},{"start":{"line":208,"column":63},"end":{"line":208,"column":63}}]},"40":{"line":221,"type":"if","locations":[{"start":{"line":221,"column":8},"end":{"line":221,"column":8}},{"start":{"line":221,"column":8},"end":{"line":221,"column":8}}]},"41":{"line":221,"type":"if","locations":[{"start":{"line":221,"column":30},"end":{"line":221,"column":30}},{"start":{"line":221,"column":30},"end":{"line":221,"column":30}}]},"42":{"line":221,"type":"if","locations":[{"start":{"line":221,"column":60},"end":{"line":221,"column":60}},{"start":{"line":221,"column":60},"end":{"line":221,"column":60}}]},"43":{"line":222,"type":"if","locations":[{"start":{"line":222,"column":8},"end":{"line":222,"column":8}},{"start":{"line":222,"column":8},"end":{"line":222,"column":8}}]},"44":{"line":224,"type":"if","locations":[{"start":{"line":224,"column":48},"end":{"line":224,"column":61}},{"start":{"line":224,"column":65},"end":{"line":224,"column":78}}]},"45":{"line":236,"type":"if","locations":[{"start":{"line":236,"column":8},"end":{"line":236,"column":8}},{"start":{"line":236,"column":8},"end":{"line":236,"column":8}}]},"46":{"line":236,"type":"if","locations":[{"start":{"line":236,"column":28},"end":{"line":236,"column":28}},{"start":{"line":236,"column":28},"end":{"line":236,"column":28}}]},"47":{"line":236,"type":"if","locations":[{"start":{"line":236,"column":61},"end":{"line":236,"column":61}},{"start":{"line":236,"column":61},"end":{"line":236,"column":61}}]},"48":{"line":239,"type":"if","locations":[{"start":{"line":239,"column":36},"end":{"line":239,"column":46}},{"start":{"line":239,"column":50},"end":{"line":239,"column":63}}]},"49":{"line":252,"type":"if","locations":[{"start":{"line":252,"column":8},"end":{"line":252,"column":8}},{"start":{"line":252,"column":8},"end":{"line":252,"column":8}}]},"50":{"line":252,"type":"if","locations":[{"start":{"line":252,"column":28},"end":{"line":252,"column":28}},{"start":{"line":252,"column":28},"end":{"line":252,"column":28}}]},"51":{"line":252,"type":"if","locations":[{"start":{"line":252,"column":61},"end":{"line":252,"column":61}},{"start":{"line":252,"column":61},"end":{"line":252,"column":61}}]},"52":{"line":253,"type":"if","locations":[{"start":{"line":253,"column":8},"end":{"line":253,"column":8}},{"start":{"line":253,"column":8},"end":{"line":253,"column":8}}]},"53":{"line":268,"type":"if","locations":[{"start":{"line":268,"column":8},"end":{"line":268,"column":8}},{"start":{"line":268,"column":8},"end":{"line":268,"column":8}}]},"54":{"line":268,"type":"if","locations":[{"start":{"line":268,"column":30},"end":{"line":268,"column":30}},{"start":{"line":268,"column":30},"end":{"line":268,"column":30}}]},"55":{"line":269,"type":"if","locations":[{"start":{"line":269,"column":8},"end":{"line":269,"column":8}},{"start":{"line":269,"column":8},"end":{"line":269,"column":8}}]},"56":{"line":278,"type":"if","locations":[{"start":{"line":278,"column":12},"end":{"line":278,"column":12}},{"start":{"line":278,"column":12},"end":{"line":278,"column":12}}]},"57":{"line":287,"type":"if","locations":[{"start":{"line":287,"column":12},"end":{"line":287,"column":12}},{"start":{"line":287,"column":12},"end":{"line":287,"column":12}}]},"58":{"line":290,"type":"if","locations":[{"start":{"line":290,"column":16},"end":{"line":290,"column":16}},{"start":{"line":290,"column":16},"end":{"line":290,"column":16}}]},"59":{"line":292,"type":"if","locations":[{"start":{"line":292,"column":16},"end":{"line":292,"column":16}},{"start":{"line":292,"column":16},"end":{"line":292,"column":16}}]},"60":{"line":311,"type":"if","locations":[{"start":{"line":311,"column":8},"end":{"line":311,"column":8}},{"start":{"line":311,"column":8},"end":{"line":311,"column":8}}]},"61":{"line":312,"type":"if","locations":[{"start":{"line":312,"column":8},"end":{"line":312,"column":8}},{"start":{"line":312,"column":8},"end":{"line":312,"column":8}}]},"62":{"line":326,"type":"if","locations":[{"start":{"line":326,"column":44},"end":{"line":326,"column":56}},{"start":{"line":326,"column":60},"end":{"line":326,"column":75}}]},"63":{"line":336,"type":"if","locations":[{"start":{"line":336,"column":53},"end":{"line":336,"column":53}},{"start":{"line":336,"column":53},"end":{"line":336,"column":53}}]},"64":{"line":338,"type":"if","locations":[{"start":{"line":338,"column":79},"end":{"line":338,"column":92}},{"start":{"line":338,"column":96},"end":{"line":338,"column":111}}]},"65":{"line":337,"type":"if","locations":[{"start":{"line":337,"column":79},"end":{"line":337,"column":88}},{"start":{"line":338,"column":16},"end":{"line":338,"column":111}}]},"66":{"line":346,"type":"if","locations":[{"start":{"line":346,"column":69},"end":{"line":346,"column":69}},{"start":{"line":346,"column":69},"end":{"line":346,"column":69}}]},"67":{"line":358,"type":"if","locations":[{"start":{"line":358,"column":8},"end":{"line":358,"column":8}},{"start":{"line":358,"column":8},"end":{"line":358,"column":8}}]},"68":{"line":359,"type":"if","locations":[{"start":{"line":359,"column":8},"end":{"line":359,"column":8}},{"start":{"line":359,"column":8},"end":{"line":359,"column":8}}]},"69":{"line":367,"type":"if","locations":[{"start":{"line":367,"column":8},"end":{"line":367,"column":8}},{"start":{"line":367,"column":8},"end":{"line":367,"column":8}}]},"70":{"line":368,"type":"if","locations":[{"start":{"line":368,"column":8},"end":{"line":368,"column":8}},{"start":{"line":368,"column":8},"end":{"line":368,"column":8}}]}}},"contracts/MasterMind.sol":{"l":{"24":185,"28":182,"32":794,"37":792,"46":53,"48":51,"49":51,"50":51,"51":51,"52":51,"65":65,"67":64,"73":64,"74":64,"76":64,"81":61,"82":61,"92":3,"97":2,"98":2,"108":53,"109":51,"110":51,"111":51,"126":91,"127":1,"128":1,"138":19,"139":19,"140":19,"141":19,"159":73,"160":73,"163":69,"164":32,"165":32,"177":4,"178":4,"179":4,"189":19,"190":19,"205":41,"206":38,"220":235,"221":233,"236":204,"237":203,"238":202,"253":29,"254":27,"270":6,"272":5,"273":5,"274":5,"275":2,"277":2,"279":4,"296":20,"297":20,"299":20,"300":5,"301":5,"302":5,"303":4,"305":4,"306":4,"308":4,"309":4,"312":1,"313":1,"314":1,"316":5,"329":84,"331":84,"332":76,"346":4,"347":4,"348":3,"349":3,"350":3,"352":4,"366":5,"368":5,"369":5,"370":1,"371":1,"372":1,"374":2,"376":2,"377":2,"378":2,"381":5},"path":"/home/marco/Documenti/University/P2P/MasterMind/contracts/MasterMind.sol","s":{"1":185,"2":794,"3":53,"4":51,"5":51,"6":51,"7":51,"8":65,"9":64,"10":64,"11":64,"12":61,"13":61,"14":3,"15":2,"16":53,"17":51,"18":51,"19":91,"20":1,"21":1,"22":86,"23":19,"24":73,"25":73,"26":69,"27":32,"28":32,"29":4,"30":4,"31":4,"32":19,"33":19,"34":41,"35":38,"36":235,"37":233,"38":204,"39":203,"40":202,"41":29,"42":27,"43":6,"44":5,"45":5,"46":5,"47":2,"48":2,"49":4,"50":20,"51":20,"52":20,"53":5,"54":5,"55":5,"56":4,"57":4,"58":4,"59":4,"60":4,"61":1,"62":1,"63":1,"64":5,"65":15,"66":84,"67":84,"68":76,"69":4,"70":4,"71":3,"72":3,"73":3,"74":4,"75":5,"76":5,"77":5,"78":1,"79":1,"80":1,"81":4,"82":2,"83":2,"84":2,"85":2,"86":5},"b":{"1":[182,3],"2":[792,2],"3":[432,360],"4":[51,2],"5":[65,0],"6":[64,1],"7":[61,2],"8":[3,0],"9":[2,1],"10":[53,1],"11":[91,0],"12":[1,86],"13":[73,0],"14":[32,37],"15":[19,0],"16":[41,1],"17":[235,0],"18":[204,0],"19":[203,1],"20":[29,0],"21":[6,0],"22":[5,1],"23":[2,2],"24":[20,0],"25":[5,15],"26":[4,1],"27":[84,0],"28":[47,37],"29":[4,0],"30":[3,1],"31":[5,1],"32":[1,4],"33":[2,2],"34":[1,1]},"f":{"1":185,"2":794,"3":53,"4":65,"5":61,"6":3,"7":53,"8":91,"9":19,"10":73,"11":4,"12":19,"13":41,"14":235,"15":204,"16":29,"17":6,"18":20,"19":84,"20":4,"21":5},"fnMap":{"1":{"name":"ifNotPlaying","line":23,"loc":{"start":{"line":23,"column":4},"end":{"line":29,"column":4}}},"2":{"name":"userAllowed","line":31,"loc":{"start":{"line":31,"column":4},"end":{"line":38,"column":4}}},"3":{"name":"pickFreeGame","line":45,"loc":{"start":{"line":45,"column":4},"end":{"line":53,"column":4}}},"4":{"name":"newGame","line":64,"loc":{"start":{"line":63,"column":4},"end":{"line":77,"column":4}}},"5":{"name":"newGame","line":80,"loc":{"start":{"line":80,"column":4},"end":{"line":83,"column":4}}},"6":{"name":"joinGame","line":91,"loc":{"start":{"line":91,"column":4},"end":{"line":99,"column":4}}},"7":{"name":"joinGame","line":107,"loc":{"start":{"line":107,"column":4},"end":{"line":112,"column":4}}},"8":{"name":"declareStake","line":125,"loc":{"start":{"line":125,"column":4},"end":{"line":130,"column":4}}},"9":{"name":"closeGame","line":137,"loc":{"start":{"line":137,"column":4},"end":{"line":142,"column":4}}},"10":{"name":"prepareGame","line":157,"loc":{"start":{"line":157,"column":4},"end":{"line":167,"column":4}}},"11":{"name":"punishAndReward","line":176,"loc":{"start":{"line":176,"column":4},"end":{"line":180,"column":4}}},"12":{"name":"call","line":188,"loc":{"start":{"line":188,"column":4},"end":{"line":191,"column":4}}},"13":{"name":"sendCode","line":204,"loc":{"start":{"line":203,"column":4},"end":{"line":207,"column":4}}},"14":{"name":"sendGuess","line":219,"loc":{"start":{"line":219,"column":4},"end":{"line":222,"column":4}}},"15":{"name":"sendFeedback","line":235,"loc":{"start":{"line":235,"column":4},"end":{"line":239,"column":4}}},"16":{"name":"submitSolution","line":252,"loc":{"start":{"line":251,"column":4},"end":{"line":255,"column":4}}},"17":{"name":"startDispute","line":269,"loc":{"start":{"line":269,"column":4},"end":{"line":280,"column":4}}},"18":{"name":"updateScore","line":295,"loc":{"start":{"line":295,"column":4},"end":{"line":319,"column":4}}},"19":{"name":"AFK","line":328,"loc":{"start":{"line":328,"column":4},"end":{"line":333,"column":4}}},"20":{"name":"claimStakeByAFK","line":345,"loc":{"start":{"line":345,"column":4},"end":{"line":353,"column":4}}},"21":{"name":"leaveGame","line":365,"loc":{"start":{"line":365,"column":4},"end":{"line":382,"column":4}}}},"statementMap":{"1":{"start":{"line":24,"column":8},"end":{"line":24,"column":561}},"2":{"start":{"line":32,"column":8},"end":{"line":32,"column":739}},"3":{"start":{"line":46,"column":8},"end":{"line":46,"column":69}},"4":{"start":{"line":48,"column":8},"end":{"line":48,"column":46}},"5":{"start":{"line":49,"column":8},"end":{"line":49,"column":34}},"6":{"start":{"line":51,"column":8},"end":{"line":51,"column":23}},"7":{"start":{"line":52,"column":8},"end":{"line":52,"column":17}},"8":{"start":{"line":65,"column":8},"end":{"line":65,"column":84}},"9":{"start":{"line":67,"column":8},"end":{"line":67,"column":1993}},"10":{"start":{"line":74,"column":8},"end":{"line":74,"column":44}},"11":{"start":{"line":76,"column":8},"end":{"line":76,"column":23}},"12":{"start":{"line":81,"column":8},"end":{"line":81,"column":30}},"13":{"start":{"line":82,"column":8},"end":{"line":82,"column":34}},"14":{"start":{"line":92,"column":8},"end":{"line":92,"column":2772}},"15":{"start":{"line":98,"column":8},"end":{"line":98,"column":39}},"16":{"start":{"line":108,"column":8},"end":{"line":108,"column":35}},"17":{"start":{"line":109,"column":8},"end":{"line":109,"column":52}},"18":{"start":{"line":111,"column":8},"end":{"line":111,"column":39}},"19":{"start":{"line":126,"column":8},"end":{"line":126,"column":4097}},"20":{"start":{"line":127,"column":12},"end":{"line":127,"column":53}},"21":{"start":{"line":128,"column":12},"end":{"line":128,"column":24}},"22":{"start":{"line":129,"column":15},"end":{"line":129,"column":56}},"23":{"start":{"line":141,"column":8},"end":{"line":141,"column":27}},"24":{"start":{"line":159,"column":8},"end":{"line":159,"column":48}},"25":{"start":{"line":160,"column":8},"end":{"line":160,"column":36}},"26":{"start":{"line":163,"column":8},"end":{"line":163,"column":5489}},"27":{"start":{"line":164,"column":12},"end":{"line":164,"column":35}},"28":{"start":{"line":165,"column":12},"end":{"line":165,"column":83}},"29":{"start":{"line":177,"column":8},"end":{"line":177,"column":28}},"30":{"start":{"line":178,"column":8},"end":{"line":178,"column":35}},"31":{"start":{"line":179,"column":8},"end":{"line":179,"column":44}},"32":{"start":{"line":189,"column":8},"end":{"line":189,"column":61}},"33":{"start":{"line":190,"column":8},"end":{"line":190,"column":44}},"34":{"start":{"line":205,"column":8},"end":{"line":205,"column":31}},"35":{"start":{"line":206,"column":8},"end":{"line":206,"column":43}},"36":{"start":{"line":220,"column":8},"end":{"line":220,"column":32}},"37":{"start":{"line":221,"column":8},"end":{"line":221,"column":38}},"38":{"start":{"line":236,"column":8},"end":{"line":236,"column":89}},"39":{"start":{"line":237,"column":8},"end":{"line":237,"column":37}},"40":{"start":{"line":238,"column":8},"end":{"line":238,"column":41}},"41":{"start":{"line":253,"column":8},"end":{"line":253,"column":35}},"42":{"start":{"line":254,"column":8},"end":{"line":254,"column":46}},"43":{"start":{"line":270,"column":8},"end":{"line":270,"column":67}},"44":{"start":{"line":272,"column":8},"end":{"line":272,"column":37}},"45":{"start":{"line":273,"column":8},"end":{"line":273,"column":44}},"46":{"start":{"line":274,"column":8},"end":{"line":274,"column":10132}},"47":{"start":{"line":275,"column":12},"end":{"line":275,"column":102}},"48":{"start":{"line":277,"column":12},"end":{"line":277,"column":102}},"49":{"start":{"line":279,"column":8},"end":{"line":279,"column":20}},"50":{"start":{"line":296,"column":8},"end":{"line":296,"column":58}},"51":{"start":{"line":297,"column":8},"end":{"line":297,"column":38}},"52":{"start":{"line":299,"column":8},"end":{"line":299,"column":11100}},"53":{"start":{"line":300,"column":12},"end":{"line":300,"column":47}},"54":{"start":{"line":301,"column":12},"end":{"line":301,"column":48}},"55":{"start":{"line":302,"column":12},"end":{"line":302,"column":11161}},"56":{"start":{"line":303,"column":16},"end":{"line":303,"column":28}},"57":{"start":{"line":305,"column":16},"end":{"line":305,"column":61}},"58":{"start":{"line":306,"column":16},"end":{"line":306,"column":68}},"59":{"start":{"line":308,"column":16},"end":{"line":308,"column":63}},"60":{"start":{"line":309,"column":16},"end":{"line":309,"column":70}},"61":{"start":{"line":312,"column":16},"end":{"line":312,"column":40}},"62":{"start":{"line":313,"column":16},"end":{"line":313,"column":47}},"63":{"start":{"line":314,"column":16},"end":{"line":314,"column":54}},"64":{"start":{"line":316,"column":12},"end":{"line":316,"column":24}},"65":{"start":{"line":318,"column":13},"end":{"line":318,"column":84}},"66":{"start":{"line":329,"column":8},"end":{"line":329,"column":12231}},"67":{"start":{"line":331,"column":8},"end":{"line":331,"column":36}},"68":{"start":{"line":332,"column":8},"end":{"line":332,"column":35}},"69":{"start":{"line":346,"column":8},"end":{"line":346,"column":44}},"70":{"start":{"line":347,"column":8},"end":{"line":347,"column":12896}},"71":{"start":{"line":348,"column":12},"end":{"line":348,"column":40}},"72":{"start":{"line":349,"column":12},"end":{"line":349,"column":43}},"73":{"start":{"line":350,"column":12},"end":{"line":350,"column":50}},"74":{"start":{"line":352,"column":8},"end":{"line":352,"column":20}},"75":{"start":{"line":366,"column":8},"end":{"line":366,"column":37}},"76":{"start":{"line":368,"column":8},"end":{"line":368,"column":44}},"77":{"start":{"line":369,"column":8},"end":{"line":369,"column":13607}},"78":{"start":{"line":370,"column":12},"end":{"line":370,"column":51}},"79":{"start":{"line":371,"column":12},"end":{"line":371,"column":41}},"80":{"start":{"line":372,"column":12},"end":{"line":372,"column":48}},"81":{"start":{"line":373,"column":15},"end":{"line":373,"column":13806}},"82":{"start":{"line":374,"column":12},"end":{"line":374,"column":13916}},"83":{"start":{"line":376,"column":12},"end":{"line":376,"column":45}},"84":{"start":{"line":377,"column":12},"end":{"line":377,"column":38}},"85":{"start":{"line":378,"column":12},"end":{"line":378,"column":52}},"86":{"start":{"line":381,"column":8},"end":{"line":381,"column":20}}},"branchMap":{"1":{"line":24,"type":"if","locations":[{"start":{"line":24,"column":8},"end":{"line":24,"column":8}},{"start":{"line":24,"column":8},"end":{"line":24,"column":8}}]},"2":{"line":32,"type":"if","locations":[{"start":{"line":32,"column":8},"end":{"line":32,"column":8}},{"start":{"line":32,"column":8},"end":{"line":32,"column":8}}]},"3":{"line":33,"type":"cond-expr","locations":[{"start":{"line":33,"column":12},"end":{"line":33,"column":49}},{"start":{"line":34,"column":12},"end":{"line":34,"column":51}}]},"4":{"line":46,"type":"if","locations":[{"start":{"line":46,"column":8},"end":{"line":46,"column":8}},{"start":{"line":46,"column":8},"end":{"line":46,"column":8}}]},"5":{"line":64,"type":"if","locations":[{"start":{"line":64,"column":15},"end":{"line":64,"column":15}},{"start":{"line":64,"column":15},"end":{"line":64,"column":15}}]},"6":{"line":65,"type":"if","locations":[{"start":{"line":65,"column":8},"end":{"line":65,"column":8}},{"start":{"line":65,"column":8},"end":{"line":65,"column":8}}]},"7":{"line":80,"type":"if","locations":[{"start":{"line":80,"column":32},"end":{"line":80,"column":32}},{"start":{"line":80,"column":32},"end":{"line":80,"column":32}}]},"8":{"line":91,"type":"if","locations":[{"start":{"line":91,"column":43},"end":{"line":91,"column":43}},{"start":{"line":91,"column":43},"end":{"line":91,"column":43}}]},"9":{"line":92,"type":"if","locations":[{"start":{"line":92,"column":8},"end":{"line":92,"column":8}},{"start":{"line":92,"column":8},"end":{"line":92,"column":8}}]},"10":{"line":107,"type":"if","locations":[{"start":{"line":107,"column":33},"end":{"line":107,"column":33}},{"start":{"line":107,"column":33},"end":{"line":107,"column":33}}]},"11":{"line":125,"type":"if","locations":[{"start":{"line":125,"column":62},"end":{"line":125,"column":62}},{"start":{"line":125,"column":62},"end":{"line":125,"column":62}}]},"12":{"line":126,"type":"if","locations":[{"start":{"line":126,"column":8},"end":{"line":126,"column":8}},{"start":{"line":126,"column":8},"end":{"line":126,"column":8}}]},"13":{"line":157,"type":"if","locations":[{"start":{"line":157,"column":54},"end":{"line":157,"column":54}},{"start":{"line":157,"column":54},"end":{"line":157,"column":54}}]},"14":{"line":163,"type":"if","locations":[{"start":{"line":163,"column":8},"end":{"line":163,"column":8}},{"start":{"line":163,"column":8},"end":{"line":163,"column":8}}]},"15":{"line":190,"type":"if","locations":[{"start":{"line":190,"column":8},"end":{"line":190,"column":8}},{"start":{"line":190,"column":8},"end":{"line":190,"column":8}}]},"16":{"line":204,"type":"if","locations":[{"start":{"line":204,"column":8},"end":{"line":204,"column":8}},{"start":{"line":204,"column":8},"end":{"line":204,"column":8}}]},"17":{"line":219,"type":"if","locations":[{"start":{"line":219,"column":74},"end":{"line":219,"column":74}},{"start":{"line":219,"column":74},"end":{"line":219,"column":74}}]},"18":{"line":235,"type":"if","locations":[{"start":{"line":235,"column":67},"end":{"line":235,"column":67}},{"start":{"line":235,"column":67},"end":{"line":235,"column":67}}]},"19":{"line":236,"type":"if","locations":[{"start":{"line":236,"column":8},"end":{"line":236,"column":8}},{"start":{"line":236,"column":8},"end":{"line":236,"column":8}}]},"20":{"line":252,"type":"if","locations":[{"start":{"line":252,"column":17},"end":{"line":252,"column":17}},{"start":{"line":252,"column":17},"end":{"line":252,"column":17}}]},"21":{"line":269,"type":"if","locations":[{"start":{"line":269,"column":66},"end":{"line":269,"column":66}},{"start":{"line":269,"column":66},"end":{"line":269,"column":66}}]},"22":{"line":270,"type":"if","locations":[{"start":{"line":270,"column":8},"end":{"line":270,"column":8}},{"start":{"line":270,"column":8},"end":{"line":270,"column":8}}]},"23":{"line":274,"type":"if","locations":[{"start":{"line":274,"column":8},"end":{"line":274,"column":8}},{"start":{"line":274,"column":8},"end":{"line":274,"column":8}}]},"24":{"line":295,"type":"if","locations":[{"start":{"line":295,"column":46},"end":{"line":295,"column":46}},{"start":{"line":295,"column":46},"end":{"line":295,"column":46}}]},"25":{"line":299,"type":"if","locations":[{"start":{"line":299,"column":8},"end":{"line":299,"column":8}},{"start":{"line":299,"column":8},"end":{"line":299,"column":8}}]},"26":{"line":302,"type":"if","locations":[{"start":{"line":302,"column":12},"end":{"line":302,"column":12}},{"start":{"line":302,"column":12},"end":{"line":302,"column":12}}]},"27":{"line":328,"type":"if","locations":[{"start":{"line":328,"column":38},"end":{"line":328,"column":38}},{"start":{"line":328,"column":38},"end":{"line":328,"column":38}}]},"28":{"line":330,"type":"if","locations":[{"start":{"line":330,"column":12},"end":{"line":330,"column":37}},{"start":{"line":330,"column":41},"end":{"line":330,"column":64}}]},"29":{"line":345,"type":"if","locations":[{"start":{"line":345,"column":50},"end":{"line":345,"column":50}},{"start":{"line":345,"column":50},"end":{"line":345,"column":50}}]},"30":{"line":347,"type":"if","locations":[{"start":{"line":347,"column":8},"end":{"line":347,"column":8}},{"start":{"line":347,"column":8},"end":{"line":347,"column":8}}]},"31":{"line":365,"type":"if","locations":[{"start":{"line":365,"column":44},"end":{"line":365,"column":44}},{"start":{"line":365,"column":44},"end":{"line":365,"column":44}}]},"32":{"line":369,"type":"if","locations":[{"start":{"line":369,"column":8},"end":{"line":369,"column":8}},{"start":{"line":369,"column":8},"end":{"line":369,"column":8}}]},"33":{"line":373,"type":"if","locations":[{"start":{"line":373,"column":15},"end":{"line":373,"column":15}},{"start":{"line":373,"column":15},"end":{"line":373,"column":15}}]},"34":{"line":375,"type":"if","locations":[{"start":{"line":375,"column":16},"end":{"line":375,"column":41}},{"start":{"line":375,"column":45},"end":{"line":375,"column":68}}]}}},"contracts/Utils.sol":{"l":{"11":83,"12":83,"13":83,"15":83,"24":28,"25":28,"26":28,"27":28,"32":20,"33":52,"34":2},"path":"/home/marco/Documenti/University/P2P/MasterMind/contracts/Utils.sol","s":{"1":83,"2":83,"3":83,"4":83,"5":28,"6":28,"7":28,"8":28,"9":20,"10":52,"11":18,"12":2},"b":{"1":[18,34]},"f":{"1":83,"2":28,"3":20},"fnMap":{"1":{"name":"rand","line":10,"loc":{"start":{"line":10,"column":0},"end":{"line":16,"column":0}}},"2":{"name":"hashOf","line":23,"loc":{"start":{"line":23,"column":0},"end":{"line":28,"column":0}}},"3":{"name":"equalCodes","line":31,"loc":{"start":{"line":31,"column":0},"end":{"line":35,"column":0}}}},"statementMap":{"1":{"start":{"line":11,"column":4},"end":{"line":11,"column":47}},"2":{"start":{"line":12,"column":4},"end":{"line":12,"column":43}},"3":{"start":{"line":13,"column":4},"end":{"line":13,"column":54}},"4":{"start":{"line":15,"column":4},"end":{"line":15,"column":41}},"5":{"start":{"line":24,"column":4},"end":{"line":24,"column":23}},"6":{"start":{"line":25,"column":4},"end":{"line":25,"column":88}},"7":{"start":{"line":26,"column":4},"end":{"line":26,"column":88}},"8":{"start":{"line":27,"column":4},"end":{"line":27,"column":46}},"9":{"start":{"line":32,"column":4},"end":{"line":32,"column":1187}},"10":{"start":{"line":33,"column":8},"end":{"line":33,"column":46}},"11":{"start":{"line":33,"column":34},"end":{"line":33,"column":46}},"12":{"start":{"line":34,"column":4},"end":{"line":34,"column":15}}},"branchMap":{"1":{"line":33,"type":"if","locations":[{"start":{"line":33,"column":8},"end":{"line":33,"column":8}},{"start":{"line":33,"column":8},"end":{"line":33,"column":8}}]}}}}