{"contracts/Constants.sol":{"l":{},"path":"/home/marco/Documenti/University/P2P/MasterMind/contracts/Constants.sol","s":{},"b":{},"f":{},"fnMap":{},"statementMap":{},"branchMap":{}},"contracts/Events.sol":{"l":{},"path":"/home/marco/Documenti/University/P2P/MasterMind/contracts/Events.sol","s":{},"b":{},"f":{},"fnMap":{},"statementMap":{},"branchMap":{}},"contracts/Game.sol":{"l":{"41":65,"47":300,"48":298,"53":240,"54":239,"59":811,"60":803,"64":96,"71":95,"77":36,"79":8,"84":6,"88":52,"96":720,"100":720,"105":720,"106":720,"118":53,"119":53,"127":16,"128":16,"129":16,"142":32,"143":32,"144":21,"146":32,"160":88,"161":88,"167":87,"168":1,"170":86,"171":86,"173":86,"174":41,"176":86,"190":71,"191":70,"195":70,"197":69,"207":38,"208":38,"220":233,"221":233,"222":233,"235":230,"236":230,"237":230,"251":28,"252":27,"253":27,"254":27,"267":5,"270":4,"271":4,"272":4,"275":4,"276":16,"277":10,"278":10,"279":10,"284":4,"285":16,"287":6,"288":21,"290":7,"291":2,"292":2,"293":2,"298":4,"310":20,"315":20,"320":20,"321":20,"322":20,"323":20,"324":20,"326":20,"335":5,"345":52,"346":52,"356":4,"357":4,"362":4,"363":4,"365":4,"366":3},"path":"/home/marco/Documenti/University/P2P/MasterMind/contracts/Game.sol","s":{"1":300,"2":240,"3":811,"4":96,"5":95,"6":45,"7":50,"8":36,"9":14,"10":8,"11":6,"12":6,"13":720,"14":720,"15":1087,"16":505,"17":80,"18":16,"19":16,"20":32,"21":32,"22":88,"23":88,"24":87,"25":1,"26":86,"27":86,"28":86,"29":71,"30":70,"31":70,"32":69,"33":233,"34":28,"35":5,"36":4,"37":4,"38":4,"39":4,"40":4,"41":4,"42":16,"43":4,"44":16,"45":6,"46":21,"47":7,"48":4,"49":20,"50":20,"51":20,"52":5,"53":4,"54":4,"55":4,"56":4,"57":1,"58":3,"59":1,"60":2},"b":{"1":[298,2],"2":[239,1],"3":[803,8],"4":[95,1],"5":[45,50],"6":[6,35],"7":[35,4],"8":[41,4],"9":[36,14],"10":[4,32],"11":[8,6],"12":[4,4],"13":[6,0],"14":[3,3],"15":[720,0],"16":[672,48],"17":[720,0],"18":[672,48],"19":[53,0],"20":[32,0],"21":[32,0],"22":[32,0],"23":[21,11],"24":[88,3],"25":[88,0],"26":[88,0],"27":[87,1],"28":[45,42],"29":[1,86],"30":[41,45],"31":[71,2],"32":[71,0],"33":[70,1],"34":[70,0],"35":[37,33],"36":[69,1],"37":[40,1],"38":[38,2],"39":[38,0],"40":[234,1],"41":[233,1],"42":[233,0],"43":[233,0],"44":[230,0],"45":[230,0],"46":[230,0],"47":[3,31],"48":[28,199],"49":[28,1],"50":[28,0],"51":[28,0],"52":[27,1],"53":[5,0],"54":[5,0],"55":[4,1],"56":[10,6],"57":[10,6],"58":[14,7],"59":[2,5],"60":[20,0],"61":[20,0],"62":[5,15],"63":[5,0],"64":[0,1],"65":[4,1],"66":[52,44],"67":[4,0],"68":[4,0],"69":[1,3],"70":[1,2]},"f":{"1":65,"2":300,"3":240,"4":811,"5":96,"6":720,"7":1087,"8":505,"9":53,"10":80,"11":16,"12":32,"13":88,"14":71,"15":38,"16":233,"17":230,"18":28,"19":5,"20":20,"21":5,"22":52,"23":4},"fnMap":{"1":{"name":"newGame","line":40,"loc":{"start":{"line":40,"column":4},"end":{"line":43,"column":4}}},"2":{"name":"codeMakerTurn","line":46,"loc":{"start":{"line":46,"column":4},"end":{"line":49,"column":4}}},"3":{"name":"codeBreakerTurn","line":52,"loc":{"start":{"line":52,"column":4},"end":{"line":55,"column":4}}},"4":{"name":"checkPhase","line":58,"loc":{"start":{"line":58,"column":4},"end":{"line":61,"column":4}}},"5":{"name":"otherPlayerTurn","line":63,"loc":{"start":{"line":63,"column":4},"end":{"line":89,"column":4}}},"6":{"name":"checkAFK","line":95,"loc":{"start":{"line":95,"column":4},"end":{"line":107,"column":4}}},"7":{"name":"getCodeMaker","line":109,"loc":{"start":{"line":109,"column":4},"end":{"line":110,"column":51}}},"8":{"name":"getCodeBreaker","line":112,"loc":{"start":{"line":112,"column":4},"end":{"line":113,"column":53}}},"9":{"name":"setCodeBreaker","line":117,"loc":{"start":{"line":116,"column":4},"end":{"line":120,"column":4}}},"10":{"name":"howManyPayed","line":122,"loc":{"start":{"line":122,"column":4},"end":{"line":123,"column":56}}},"11":{"name":"popStake","line":126,"loc":{"start":{"line":126,"column":4},"end":{"line":130,"column":4}}},"12":{"name":"shuffleRoles","line":141,"loc":{"start":{"line":140,"column":4},"end":{"line":147,"column":4}}},"13":{"name":"declareStake","line":159,"loc":{"start":{"line":158,"column":4},"end":{"line":177,"column":4}}},"14":{"name":"setStake","line":189,"loc":{"start":{"line":188,"column":4},"end":{"line":198,"column":4}}},"15":{"name":"setHash","line":206,"loc":{"start":{"line":205,"column":4},"end":{"line":209,"column":4}}},"16":{"name":"pushGuess","line":219,"loc":{"start":{"line":218,"column":4},"end":{"line":223,"column":4}}},"17":{"name":"pushFeedback","line":234,"loc":{"start":{"line":233,"column":4},"end":{"line":238,"column":4}}},"18":{"name":"reveal","line":250,"loc":{"start":{"line":249,"column":4},"end":{"line":255,"column":4}}},"19":{"name":"correctFeedback","line":266,"loc":{"start":{"line":265,"column":4},"end":{"line":299,"column":4}}},"20":{"name":"getPoints","line":309,"loc":{"start":{"line":308,"column":4},"end":{"line":327,"column":4}}},"21":{"name":"whoWon","line":334,"loc":{"start":{"line":334,"column":4},"end":{"line":337,"column":4}}},"22":{"name":"accuseAFK","line":344,"loc":{"start":{"line":344,"column":4},"end":{"line":347,"column":4}}},"23":{"name":"winByAFK","line":355,"loc":{"start":{"line":355,"column":4},"end":{"line":368,"column":4}}}},"statementMap":{"1":{"start":{"line":47,"column":8},"end":{"line":47,"column":65}},"2":{"start":{"line":53,"column":8},"end":{"line":53,"column":67}},"3":{"start":{"line":59,"column":8},"end":{"line":59,"column":66}},"4":{"start":{"line":64,"column":8},"end":{"line":64,"column":2399}},"5":{"start":{"line":71,"column":8},"end":{"line":71,"column":2609}},"6":{"start":{"line":75,"column":12},"end":{"line":75,"column":72}},"7":{"start":{"line":76,"column":13},"end":{"line":76,"column":2842}},"8":{"start":{"line":77,"column":12},"end":{"line":77,"column":72}},"9":{"start":{"line":78,"column":13},"end":{"line":78,"column":2963}},"10":{"start":{"line":79,"column":12},"end":{"line":79,"column":3013}},"11":{"start":{"line":83,"column":13},"end":{"line":83,"column":3198}},"12":{"start":{"line":84,"column":12},"end":{"line":84,"column":3248}},"13":{"start":{"line":96,"column":8},"end":{"line":96,"column":3653}},"14":{"start":{"line":100,"column":8},"end":{"line":100,"column":3812}},"15":{"start":{"line":110,"column":28},"end":{"line":110,"column":49}},"16":{"start":{"line":113,"column":28},"end":{"line":113,"column":51}},"17":{"start":{"line":123,"column":28},"end":{"line":123,"column":54}},"18":{"start":{"line":127,"column":8},"end":{"line":127,"column":32}},"19":{"start":{"line":129,"column":8},"end":{"line":129,"column":18}},"20":{"start":{"line":142,"column":8},"end":{"line":142,"column":93}},"21":{"start":{"line":143,"column":8},"end":{"line":143,"column":5693}},"22":{"start":{"line":160,"column":8},"end":{"line":160,"column":62}},"23":{"start":{"line":161,"column":8},"end":{"line":161,"column":6418}},"24":{"start":{"line":167,"column":8},"end":{"line":167,"column":6628}},"25":{"start":{"line":168,"column":12},"end":{"line":168,"column":24}},"26":{"start":{"line":171,"column":8},"end":{"line":171,"column":39}},"27":{"start":{"line":173,"column":8},"end":{"line":173,"column":6811}},"28":{"start":{"line":176,"column":8},"end":{"line":176,"column":19}},"29":{"start":{"line":190,"column":8},"end":{"line":190,"column":62}},"30":{"start":{"line":191,"column":8},"end":{"line":191,"column":7541}},"31":{"start":{"line":195,"column":8},"end":{"line":195,"column":53}},"32":{"start":{"line":197,"column":8},"end":{"line":197,"column":36}},"33":{"start":{"line":220,"column":8},"end":{"line":220,"column":74}},"34":{"start":{"line":251,"column":8},"end":{"line":251,"column":68}},"35":{"start":{"line":267,"column":8},"end":{"line":267,"column":100}},"36":{"start":{"line":269,"column":8},"end":{"line":269,"column":26}},"37":{"start":{"line":269,"column":28},"end":{"line":269,"column":46}},"38":{"start":{"line":270,"column":8},"end":{"line":270,"column":111}},"39":{"start":{"line":271,"column":8},"end":{"line":271,"column":45}},"40":{"start":{"line":272,"column":8},"end":{"line":272,"column":42}},"41":{"start":{"line":275,"column":8},"end":{"line":275,"column":11519}},"42":{"start":{"line":276,"column":12},"end":{"line":276,"column":11573}},"43":{"start":{"line":284,"column":8},"end":{"line":284,"column":11828}},"44":{"start":{"line":285,"column":12},"end":{"line":285,"column":42}},"45":{"start":{"line":287,"column":12},"end":{"line":287,"column":11928}},"46":{"start":{"line":288,"column":16},"end":{"line":288,"column":49}},"47":{"start":{"line":290,"column":16},"end":{"line":290,"column":12038}},"48":{"start":{"line":298,"column":8},"end":{"line":298,"column":49}},"49":{"start":{"line":310,"column":8},"end":{"line":310,"column":12734}},"50":{"start":{"line":320,"column":8},"end":{"line":320,"column":49}},"51":{"start":{"line":326,"column":8},"end":{"line":326,"column":33}},"52":{"start":{"line":335,"column":8},"end":{"line":335,"column":13746}},"53":{"start":{"line":356,"column":8},"end":{"line":356,"column":85}},"54":{"start":{"line":357,"column":8},"end":{"line":357,"column":14682}},"55":{"start":{"line":362,"column":8},"end":{"line":362,"column":34}},"56":{"start":{"line":365,"column":8},"end":{"line":365,"column":55}},"57":{"start":{"line":365,"column":47},"end":{"line":365,"column":55}},"58":{"start":{"line":366,"column":8},"end":{"line":366,"column":15006}},"59":{"start":{"line":366,"column":47},"end":{"line":366,"column":59}},"60":{"start":{"line":367,"column":13},"end":{"line":367,"column":29}}},"branchMap":{"1":{"line":47,"type":"if","locations":[{"start":{"line":47,"column":8},"end":{"line":47,"column":8}},{"start":{"line":47,"column":8},"end":{"line":47,"column":8}}]},"2":{"line":53,"type":"if","locations":[{"start":{"line":53,"column":8},"end":{"line":53,"column":8}},{"start":{"line":53,"column":8},"end":{"line":53,"column":8}}]},"3":{"line":59,"type":"if","locations":[{"start":{"line":59,"column":8},"end":{"line":59,"column":8}},{"start":{"line":59,"column":8},"end":{"line":59,"column":8}}]},"4":{"line":64,"type":"if","locations":[{"start":{"line":64,"column":8},"end":{"line":64,"column":8}},{"start":{"line":64,"column":8},"end":{"line":64,"column":8}}]},"5":{"line":71,"type":"if","locations":[{"start":{"line":71,"column":8},"end":{"line":71,"column":8}},{"start":{"line":71,"column":8},"end":{"line":71,"column":8}}]},"6":{"line":72,"type":"cond-expr","locations":[{"start":{"line":72,"column":12},"end":{"line":72,"column":41}},{"start":{"line":73,"column":12},"end":{"line":73,"column":39}}]},"7":{"line":72,"type":"cond-expr","locations":[{"start":{"line":72,"column":12},"end":{"line":73,"column":39}},{"start":{"line":74,"column":12},"end":{"line":74,"column":39}}]},"8":{"line":75,"type":"if","locations":[{"start":{"line":75,"column":12},"end":{"line":75,"column":12}},{"start":{"line":75,"column":12},"end":{"line":75,"column":12}}]},"9":{"line":76,"type":"if","locations":[{"start":{"line":76,"column":13},"end":{"line":76,"column":13}},{"start":{"line":76,"column":13},"end":{"line":76,"column":13}}]},"10":{"line":77,"type":"if","locations":[{"start":{"line":77,"column":12},"end":{"line":77,"column":12}},{"start":{"line":77,"column":12},"end":{"line":77,"column":12}}]},"11":{"line":78,"type":"if","locations":[{"start":{"line":78,"column":13},"end":{"line":78,"column":13}},{"start":{"line":78,"column":13},"end":{"line":78,"column":13}}]},"12":{"line":79,"type":"if","locations":[{"start":{"line":79,"column":12},"end":{"line":79,"column":12}},{"start":{"line":79,"column":12},"end":{"line":79,"column":12}}]},"13":{"line":83,"type":"if","locations":[{"start":{"line":83,"column":13},"end":{"line":83,"column":13}},{"start":{"line":83,"column":13},"end":{"line":83,"column":13}}]},"14":{"line":84,"type":"if","locations":[{"start":{"line":84,"column":12},"end":{"line":84,"column":12}},{"start":{"line":84,"column":12},"end":{"line":84,"column":12}}]},"15":{"line":96,"type":"if","locations":[{"start":{"line":96,"column":8},"end":{"line":96,"column":8}},{"start":{"line":96,"column":8},"end":{"line":96,"column":8}}]},"16":{"line":97,"type":"cond-expr","locations":[{"start":{"line":97,"column":12},"end":{"line":97,"column":33}},{"start":{"line":97,"column":38},"end":{"line":97,"column":59}}]},"17":{"line":100,"type":"if","locations":[{"start":{"line":100,"column":8},"end":{"line":100,"column":8}},{"start":{"line":100,"column":8},"end":{"line":100,"column":8}}]},"18":{"line":101,"type":"cond-expr","locations":[{"start":{"line":101,"column":12},"end":{"line":101,"column":33}},{"start":{"line":102,"column":12},"end":{"line":102,"column":81}}]},"19":{"line":117,"type":"if","locations":[{"start":{"line":117,"column":8},"end":{"line":117,"column":8}},{"start":{"line":117,"column":8},"end":{"line":117,"column":8}}]},"20":{"line":141,"type":"if","locations":[{"start":{"line":141,"column":8},"end":{"line":141,"column":8}},{"start":{"line":141,"column":8},"end":{"line":141,"column":8}}]},"21":{"line":141,"type":"if","locations":[{"start":{"line":141,"column":44},"end":{"line":141,"column":44}},{"start":{"line":141,"column":44},"end":{"line":141,"column":44}}]},"22":{"line":142,"type":"if","locations":[{"start":{"line":142,"column":8},"end":{"line":142,"column":8}},{"start":{"line":142,"column":8},"end":{"line":142,"column":8}}]},"23":{"line":143,"type":"if","locations":[{"start":{"line":143,"column":8},"end":{"line":143,"column":8}},{"start":{"line":143,"column":8},"end":{"line":143,"column":8}}]},"24":{"line":159,"type":"if","locations":[{"start":{"line":159,"column":8},"end":{"line":159,"column":8}},{"start":{"line":159,"column":8},"end":{"line":159,"column":8}}]},"25":{"line":159,"type":"if","locations":[{"start":{"line":159,"column":44},"end":{"line":159,"column":44}},{"start":{"line":159,"column":44},"end":{"line":159,"column":44}}]},"26":{"line":160,"type":"if","locations":[{"start":{"line":160,"column":8},"end":{"line":160,"column":8}},{"start":{"line":160,"column":8},"end":{"line":160,"column":8}}]},"27":{"line":161,"type":"if","locations":[{"start":{"line":161,"column":8},"end":{"line":161,"column":8}},{"start":{"line":161,"column":8},"end":{"line":161,"column":8}}]},"28":{"line":162,"type":"cond-expr","locations":[{"start":{"line":162,"column":12},"end":{"line":162,"column":38}},{"start":{"line":163,"column":12},"end":{"line":163,"column":76}}]},"29":{"line":167,"type":"if","locations":[{"start":{"line":167,"column":8},"end":{"line":167,"column":8}},{"start":{"line":167,"column":8},"end":{"line":167,"column":8}}]},"30":{"line":173,"type":"if","locations":[{"start":{"line":173,"column":8},"end":{"line":173,"column":8}},{"start":{"line":173,"column":8},"end":{"line":173,"column":8}}]},"31":{"line":189,"type":"if","locations":[{"start":{"line":189,"column":8},"end":{"line":189,"column":8}},{"start":{"line":189,"column":8},"end":{"line":189,"column":8}}]},"32":{"line":189,"type":"if","locations":[{"start":{"line":189,"column":44},"end":{"line":189,"column":44}},{"start":{"line":189,"column":44},"end":{"line":189,"column":44}}]},"33":{"line":190,"type":"if","locations":[{"start":{"line":190,"column":8},"end":{"line":190,"column":8}},{"start":{"line":190,"column":8},"end":{"line":190,"column":8}}]},"34":{"line":191,"type":"if","locations":[{"start":{"line":191,"column":8},"end":{"line":191,"column":8}},{"start":{"line":191,"column":8},"end":{"line":191,"column":8}}]},"35":{"line":192,"type":"cond-expr","locations":[{"start":{"line":192,"column":12},"end":{"line":192,"column":35}},{"start":{"line":192,"column":40},"end":{"line":192,"column":98}}]},"36":{"line":195,"type":"if","locations":[{"start":{"line":195,"column":8},"end":{"line":195,"column":8}},{"start":{"line":195,"column":8},"end":{"line":195,"column":8}}]},"37":{"line":206,"type":"if","locations":[{"start":{"line":206,"column":8},"end":{"line":206,"column":8}},{"start":{"line":206,"column":8},"end":{"line":206,"column":8}}]},"38":{"line":206,"type":"if","locations":[{"start":{"line":206,"column":28},"end":{"line":206,"column":28}},{"start":{"line":206,"column":28},"end":{"line":206,"column":28}}]},"39":{"line":206,"type":"if","locations":[{"start":{"line":206,"column":63},"end":{"line":206,"column":63}},{"start":{"line":206,"column":63},"end":{"line":206,"column":63}}]},"40":{"line":219,"type":"if","locations":[{"start":{"line":219,"column":8},"end":{"line":219,"column":8}},{"start":{"line":219,"column":8},"end":{"line":219,"column":8}}]},"41":{"line":219,"type":"if","locations":[{"start":{"line":219,"column":30},"end":{"line":219,"column":30}},{"start":{"line":219,"column":30},"end":{"line":219,"column":30}}]},"42":{"line":219,"type":"if","locations":[{"start":{"line":219,"column":60},"end":{"line":219,"column":60}},{"start":{"line":219,"column":60},"end":{"line":219,"column":60}}]},"43":{"line":220,"type":"if","locations":[{"start":{"line":220,"column":8},"end":{"line":220,"column":8}},{"start":{"line":220,"column":8},"end":{"line":220,"column":8}}]},"44":{"line":234,"type":"if","locations":[{"start":{"line":234,"column":8},"end":{"line":234,"column":8}},{"start":{"line":234,"column":8},"end":{"line":234,"column":8}}]},"45":{"line":234,"type":"if","locations":[{"start":{"line":234,"column":28},"end":{"line":234,"column":28}},{"start":{"line":234,"column":28},"end":{"line":234,"column":28}}]},"46":{"line":234,"type":"if","locations":[{"start":{"line":234,"column":61},"end":{"line":234,"column":61}},{"start":{"line":234,"column":61},"end":{"line":234,"column":61}}]},"47":{"line":237,"type":"cond-expr","locations":[{"start":{"line":237,"column":21},"end":{"line":237,"column":33}},{"start":{"line":237,"column":38},"end":{"line":237,"column":62}}]},"48":{"line":237,"type":"if","locations":[{"start":{"line":237,"column":66},"end":{"line":237,"column":79}},{"start":{"line":237,"column":83},"end":{"line":237,"column":93}}]},"49":{"line":250,"type":"if","locations":[{"start":{"line":250,"column":8},"end":{"line":250,"column":8}},{"start":{"line":250,"column":8},"end":{"line":250,"column":8}}]},"50":{"line":250,"type":"if","locations":[{"start":{"line":250,"column":28},"end":{"line":250,"column":28}},{"start":{"line":250,"column":28},"end":{"line":250,"column":28}}]},"51":{"line":250,"type":"if","locations":[{"start":{"line":250,"column":61},"end":{"line":250,"column":61}},{"start":{"line":250,"column":61},"end":{"line":250,"column":61}}]},"52":{"line":251,"type":"if","locations":[{"start":{"line":251,"column":8},"end":{"line":251,"column":8}},{"start":{"line":251,"column":8},"end":{"line":251,"column":8}}]},"53":{"line":266,"type":"if","locations":[{"start":{"line":266,"column":8},"end":{"line":266,"column":8}},{"start":{"line":266,"column":8},"end":{"line":266,"column":8}}]},"54":{"line":266,"type":"if","locations":[{"start":{"line":266,"column":30},"end":{"line":266,"column":30}},{"start":{"line":266,"column":30},"end":{"line":266,"column":30}}]},"55":{"line":267,"type":"if","locations":[{"start":{"line":267,"column":8},"end":{"line":267,"column":8}},{"start":{"line":267,"column":8},"end":{"line":267,"column":8}}]},"56":{"line":276,"type":"if","locations":[{"start":{"line":276,"column":12},"end":{"line":276,"column":12}},{"start":{"line":276,"column":12},"end":{"line":276,"column":12}}]},"57":{"line":285,"type":"if","locations":[{"start":{"line":285,"column":12},"end":{"line":285,"column":12}},{"start":{"line":285,"column":12},"end":{"line":285,"column":12}}]},"58":{"line":288,"type":"if","locations":[{"start":{"line":288,"column":16},"end":{"line":288,"column":16}},{"start":{"line":288,"column":16},"end":{"line":288,"column":16}}]},"59":{"line":290,"type":"if","locations":[{"start":{"line":290,"column":16},"end":{"line":290,"column":16}},{"start":{"line":290,"column":16},"end":{"line":290,"column":16}}]},"60":{"line":309,"type":"if","locations":[{"start":{"line":309,"column":8},"end":{"line":309,"column":8}},{"start":{"line":309,"column":8},"end":{"line":309,"column":8}}]},"61":{"line":310,"type":"if","locations":[{"start":{"line":310,"column":8},"end":{"line":310,"column":8}},{"start":{"line":310,"column":8},"end":{"line":310,"column":8}}]},"62":{"line":324,"type":"if","locations":[{"start":{"line":324,"column":44},"end":{"line":324,"column":56}},{"start":{"line":324,"column":60},"end":{"line":324,"column":75}}]},"63":{"line":334,"type":"if","locations":[{"start":{"line":334,"column":53},"end":{"line":334,"column":53}},{"start":{"line":334,"column":53},"end":{"line":334,"column":53}}]},"64":{"line":336,"type":"if","locations":[{"start":{"line":336,"column":79},"end":{"line":336,"column":92}},{"start":{"line":336,"column":96},"end":{"line":336,"column":111}}]},"65":{"line":335,"type":"if","locations":[{"start":{"line":335,"column":79},"end":{"line":335,"column":88}},{"start":{"line":336,"column":16},"end":{"line":336,"column":111}}]},"66":{"line":344,"type":"if","locations":[{"start":{"line":344,"column":69},"end":{"line":344,"column":69}},{"start":{"line":344,"column":69},"end":{"line":344,"column":69}}]},"67":{"line":356,"type":"if","locations":[{"start":{"line":356,"column":8},"end":{"line":356,"column":8}},{"start":{"line":356,"column":8},"end":{"line":356,"column":8}}]},"68":{"line":357,"type":"if","locations":[{"start":{"line":357,"column":8},"end":{"line":357,"column":8}},{"start":{"line":357,"column":8},"end":{"line":357,"column":8}}]},"69":{"line":365,"type":"if","locations":[{"start":{"line":365,"column":8},"end":{"line":365,"column":8}},{"start":{"line":365,"column":8},"end":{"line":365,"column":8}}]},"70":{"line":366,"type":"if","locations":[{"start":{"line":366,"column":8},"end":{"line":366,"column":8}},{"start":{"line":366,"column":8},"end":{"line":366,"column":8}}]}}},"contracts/MasterMind.sol":{"l":{"24":188,"28":185,"32":836,"37":832,"41":700,"42":700,"43":700,"44":684,"45":48,"54":54,"56":51,"57":51,"58":51,"59":51,"60":51,"73":66,"75":65,"81":65,"82":65,"84":65,"89":62,"90":62,"100":3,"105":2,"106":2,"107":2,"117":54,"118":51,"119":51,"120":51,"135":91,"136":1,"137":1,"147":20,"148":20,"149":20,"150":20,"168":73,"169":73,"172":69,"173":32,"174":32,"186":4,"187":4,"188":4,"198":19,"199":19,"214":41,"215":38,"230":235,"231":233,"247":231,"248":230,"249":230,"264":29,"265":27,"282":6,"284":5,"285":5,"286":5,"287":2,"289":2,"291":4,"308":20,"309":20,"311":20,"312":5,"313":5,"314":5,"315":4,"317":4,"318":4,"320":4,"321":4,"324":1,"325":1,"326":1,"328":5,"341":96,"343":96,"344":52,"358":4,"359":4,"360":3,"361":3,"362":3,"364":4,"378":6,"380":6,"381":6,"382":1,"383":1,"384":1,"386":2,"388":2,"389":2,"390":2,"393":6,"394":2,"396":6,"407":2,"408":2,"409":2,"410":2,"411":2},"path":"/home/marco/Documenti/University/P2P/MasterMind/contracts/MasterMind.sol","s":{"1":188,"2":836,"3":700,"4":700,"5":684,"6":48,"7":54,"8":51,"9":51,"10":51,"11":51,"12":66,"13":65,"14":65,"15":65,"16":62,"17":62,"18":3,"19":2,"20":2,"21":54,"22":51,"23":51,"24":91,"25":1,"26":1,"27":86,"28":20,"29":73,"30":73,"31":69,"32":32,"33":32,"34":4,"35":4,"36":4,"37":19,"38":19,"39":41,"40":38,"41":235,"42":233,"43":231,"44":230,"45":230,"46":29,"47":27,"48":6,"49":5,"50":5,"51":5,"52":2,"53":2,"54":4,"55":20,"56":20,"57":20,"58":5,"59":5,"60":5,"61":4,"62":4,"63":4,"64":4,"65":4,"66":1,"67":1,"68":1,"69":5,"70":15,"71":96,"72":96,"73":52,"74":4,"75":4,"76":3,"77":3,"78":3,"79":4,"80":6,"81":6,"82":6,"83":1,"84":1,"85":1,"86":5,"87":2,"88":2,"89":2,"90":2,"91":6,"92":2,"93":6,"94":2,"95":2,"96":2,"97":2},"b":{"1":[185,3],"2":[832,4],"3":[437,395],"4":[48,652],"5":[48,636],"6":[51,3],"7":[66,0],"8":[65,1],"9":[62,2],"10":[3,0],"11":[2,1],"12":[54,1],"13":[91,1],"14":[91,0],"15":[1,86],"16":[73,1],"17":[73,0],"18":[32,37],"19":[19,0],"20":[41,1],"21":[41,0],"22":[235,0],"23":[235,0],"24":[231,0],"25":[231,0],"26":[230,1],"27":[29,0],"28":[29,0],"29":[6,0],"30":[5,1],"31":[2,2],"32":[20,0],"33":[5,15],"34":[4,1],"35":[96,0],"36":[23,73],"37":[4,0],"38":[3,1],"39":[6,1],"40":[1,5],"41":[2,3],"42":[1,1],"43":[2,4],"44":[2,0]},"f":{"1":188,"2":836,"3":700,"4":54,"5":66,"6":62,"7":3,"8":54,"9":91,"10":20,"11":73,"12":4,"13":19,"14":41,"15":235,"16":231,"17":29,"18":6,"19":20,"20":96,"21":4,"22":6,"23":2},"fnMap":{"1":{"name":"ifNotPlaying","line":23,"loc":{"start":{"line":23,"column":4},"end":{"line":29,"column":4}}},"2":{"name":"userAllowed","line":31,"loc":{"start":{"line":31,"column":4},"end":{"line":38,"column":4}}},"3":{"name":"handleAFK","line":40,"loc":{"start":{"line":40,"column":4},"end":{"line":46,"column":4}}},"4":{"name":"pickFreeGame","line":53,"loc":{"start":{"line":53,"column":4},"end":{"line":61,"column":4}}},"5":{"name":"newGame","line":72,"loc":{"start":{"line":71,"column":4},"end":{"line":85,"column":4}}},"6":{"name":"newGame","line":88,"loc":{"start":{"line":88,"column":4},"end":{"line":91,"column":4}}},"7":{"name":"joinGame","line":99,"loc":{"start":{"line":99,"column":4},"end":{"line":108,"column":4}}},"8":{"name":"joinGame","line":116,"loc":{"start":{"line":116,"column":4},"end":{"line":121,"column":4}}},"9":{"name":"declareStake","line":134,"loc":{"start":{"line":134,"column":4},"end":{"line":139,"column":4}}},"10":{"name":"closeGame","line":146,"loc":{"start":{"line":146,"column":4},"end":{"line":151,"column":4}}},"11":{"name":"prepareGame","line":166,"loc":{"start":{"line":166,"column":4},"end":{"line":176,"column":4}}},"12":{"name":"punishAndReward","line":185,"loc":{"start":{"line":185,"column":4},"end":{"line":189,"column":4}}},"13":{"name":"call","line":197,"loc":{"start":{"line":197,"column":4},"end":{"line":200,"column":4}}},"14":{"name":"sendCode","line":213,"loc":{"start":{"line":212,"column":4},"end":{"line":216,"column":4}}},"15":{"name":"sendGuess","line":229,"loc":{"start":{"line":228,"column":4},"end":{"line":232,"column":4}}},"16":{"name":"sendFeedback","line":246,"loc":{"start":{"line":245,"column":4},"end":{"line":250,"column":4}}},"17":{"name":"submitSolution","line":263,"loc":{"start":{"line":262,"column":4},"end":{"line":266,"column":4}}},"18":{"name":"startDispute","line":281,"loc":{"start":{"line":280,"column":4},"end":{"line":292,"column":4}}},"19":{"name":"updateScore","line":307,"loc":{"start":{"line":307,"column":4},"end":{"line":331,"column":4}}},"20":{"name":"AFK","line":340,"loc":{"start":{"line":340,"column":4},"end":{"line":345,"column":4}}},"21":{"name":"claimStakeByAFK","line":357,"loc":{"start":{"line":357,"column":4},"end":{"line":365,"column":4}}},"22":{"name":"leaveGame","line":377,"loc":{"start":{"line":377,"column":4},"end":{"line":397,"column":4}}},"23":{"name":"removeFreeGame","line":406,"loc":{"start":{"line":406,"column":4},"end":{"line":413,"column":4}}}},"statementMap":{"1":{"start":{"line":24,"column":8},"end":{"line":24,"column":561}},"2":{"start":{"line":32,"column":8},"end":{"line":32,"column":739}},"3":{"start":{"line":41,"column":8},"end":{"line":41,"column":24}},"4":{"start":{"line":42,"column":8},"end":{"line":42,"column":51}},"5":{"start":{"line":44,"column":8},"end":{"line":44,"column":1071}},"6":{"start":{"line":45,"column":12},"end":{"line":45,"column":28}},"7":{"start":{"line":54,"column":8},"end":{"line":54,"column":69}},"8":{"start":{"line":56,"column":8},"end":{"line":56,"column":46}},"9":{"start":{"line":57,"column":8},"end":{"line":57,"column":34}},"10":{"start":{"line":59,"column":8},"end":{"line":59,"column":23}},"11":{"start":{"line":60,"column":8},"end":{"line":60,"column":17}},"12":{"start":{"line":73,"column":8},"end":{"line":73,"column":84}},"13":{"start":{"line":75,"column":8},"end":{"line":75,"column":2204}},"14":{"start":{"line":82,"column":8},"end":{"line":82,"column":44}},"15":{"start":{"line":84,"column":8},"end":{"line":84,"column":23}},"16":{"start":{"line":89,"column":8},"end":{"line":89,"column":30}},"17":{"start":{"line":90,"column":8},"end":{"line":90,"column":34}},"18":{"start":{"line":100,"column":8},"end":{"line":100,"column":2983}},"19":{"start":{"line":105,"column":8},"end":{"line":105,"column":52}},"20":{"start":{"line":107,"column":8},"end":{"line":107,"column":39}},"21":{"start":{"line":117,"column":8},"end":{"line":117,"column":35}},"22":{"start":{"line":118,"column":8},"end":{"line":118,"column":52}},"23":{"start":{"line":120,"column":8},"end":{"line":120,"column":39}},"24":{"start":{"line":135,"column":8},"end":{"line":135,"column":4409}},"25":{"start":{"line":136,"column":12},"end":{"line":136,"column":53}},"26":{"start":{"line":137,"column":12},"end":{"line":137,"column":24}},"27":{"start":{"line":138,"column":15},"end":{"line":138,"column":56}},"28":{"start":{"line":150,"column":8},"end":{"line":150,"column":27}},"29":{"start":{"line":168,"column":8},"end":{"line":168,"column":48}},"30":{"start":{"line":169,"column":8},"end":{"line":169,"column":36}},"31":{"start":{"line":172,"column":8},"end":{"line":172,"column":5815}},"32":{"start":{"line":173,"column":12},"end":{"line":173,"column":35}},"33":{"start":{"line":174,"column":12},"end":{"line":174,"column":83}},"34":{"start":{"line":186,"column":8},"end":{"line":186,"column":28}},"35":{"start":{"line":187,"column":8},"end":{"line":187,"column":35}},"36":{"start":{"line":188,"column":8},"end":{"line":188,"column":44}},"37":{"start":{"line":198,"column":8},"end":{"line":198,"column":61}},"38":{"start":{"line":199,"column":8},"end":{"line":199,"column":44}},"39":{"start":{"line":214,"column":8},"end":{"line":214,"column":31}},"40":{"start":{"line":215,"column":8},"end":{"line":215,"column":43}},"41":{"start":{"line":230,"column":8},"end":{"line":230,"column":32}},"42":{"start":{"line":231,"column":8},"end":{"line":231,"column":44}},"43":{"start":{"line":247,"column":8},"end":{"line":247,"column":89}},"44":{"start":{"line":248,"column":8},"end":{"line":248,"column":37}},"45":{"start":{"line":249,"column":8},"end":{"line":249,"column":49}},"46":{"start":{"line":264,"column":8},"end":{"line":264,"column":35}},"47":{"start":{"line":265,"column":8},"end":{"line":265,"column":46}},"48":{"start":{"line":282,"column":8},"end":{"line":282,"column":65}},"49":{"start":{"line":284,"column":8},"end":{"line":284,"column":37}},"50":{"start":{"line":285,"column":8},"end":{"line":285,"column":44}},"51":{"start":{"line":286,"column":8},"end":{"line":286,"column":10552}},"52":{"start":{"line":287,"column":12},"end":{"line":287,"column":102}},"53":{"start":{"line":289,"column":12},"end":{"line":289,"column":102}},"54":{"start":{"line":291,"column":8},"end":{"line":291,"column":20}},"55":{"start":{"line":308,"column":8},"end":{"line":308,"column":58}},"56":{"start":{"line":309,"column":8},"end":{"line":309,"column":38}},"57":{"start":{"line":311,"column":8},"end":{"line":311,"column":11520}},"58":{"start":{"line":312,"column":12},"end":{"line":312,"column":47}},"59":{"start":{"line":313,"column":12},"end":{"line":313,"column":48}},"60":{"start":{"line":314,"column":12},"end":{"line":314,"column":11581}},"61":{"start":{"line":315,"column":16},"end":{"line":315,"column":28}},"62":{"start":{"line":317,"column":16},"end":{"line":317,"column":61}},"63":{"start":{"line":318,"column":16},"end":{"line":318,"column":68}},"64":{"start":{"line":320,"column":16},"end":{"line":320,"column":63}},"65":{"start":{"line":321,"column":16},"end":{"line":321,"column":70}},"66":{"start":{"line":324,"column":16},"end":{"line":324,"column":40}},"67":{"start":{"line":325,"column":16},"end":{"line":325,"column":47}},"68":{"start":{"line":326,"column":16},"end":{"line":326,"column":54}},"69":{"start":{"line":328,"column":12},"end":{"line":328,"column":24}},"70":{"start":{"line":330,"column":13},"end":{"line":330,"column":84}},"71":{"start":{"line":341,"column":8},"end":{"line":341,"column":12651}},"72":{"start":{"line":343,"column":8},"end":{"line":343,"column":36}},"73":{"start":{"line":344,"column":8},"end":{"line":344,"column":35}},"74":{"start":{"line":358,"column":8},"end":{"line":358,"column":44}},"75":{"start":{"line":359,"column":8},"end":{"line":359,"column":13316}},"76":{"start":{"line":360,"column":12},"end":{"line":360,"column":40}},"77":{"start":{"line":361,"column":12},"end":{"line":361,"column":43}},"78":{"start":{"line":362,"column":12},"end":{"line":362,"column":50}},"79":{"start":{"line":364,"column":8},"end":{"line":364,"column":20}},"80":{"start":{"line":378,"column":8},"end":{"line":378,"column":37}},"81":{"start":{"line":380,"column":8},"end":{"line":380,"column":44}},"82":{"start":{"line":381,"column":8},"end":{"line":381,"column":14027}},"83":{"start":{"line":382,"column":12},"end":{"line":382,"column":51}},"84":{"start":{"line":383,"column":12},"end":{"line":383,"column":41}},"85":{"start":{"line":384,"column":12},"end":{"line":384,"column":48}},"86":{"start":{"line":385,"column":15},"end":{"line":385,"column":14226}},"87":{"start":{"line":386,"column":12},"end":{"line":386,"column":14336}},"88":{"start":{"line":388,"column":12},"end":{"line":388,"column":45}},"89":{"start":{"line":389,"column":12},"end":{"line":389,"column":38}},"90":{"start":{"line":390,"column":12},"end":{"line":390,"column":52}},"91":{"start":{"line":393,"column":8},"end":{"line":393,"column":14598}},"92":{"start":{"line":394,"column":12},"end":{"line":394,"column":29}},"93":{"start":{"line":396,"column":8},"end":{"line":396,"column":20}},"94":{"start":{"line":407,"column":8},"end":{"line":407,"column":15129}},"95":{"start":{"line":408,"column":12},"end":{"line":408,"column":15186}},"96":{"start":{"line":410,"column":16},"end":{"line":410,"column":31}},"97":{"start":{"line":411,"column":16},"end":{"line":411,"column":22}}},"branchMap":{"1":{"line":24,"type":"if","locations":[{"start":{"line":24,"column":8},"end":{"line":24,"column":8}},{"start":{"line":24,"column":8},"end":{"line":24,"column":8}}]},"2":{"line":32,"type":"if","locations":[{"start":{"line":32,"column":8},"end":{"line":32,"column":8}},{"start":{"line":32,"column":8},"end":{"line":32,"column":8}}]},"3":{"line":33,"type":"cond-expr","locations":[{"start":{"line":33,"column":12},"end":{"line":33,"column":49}},{"start":{"line":34,"column":12},"end":{"line":34,"column":51}}]},"4":{"line":42,"type":"if","locations":[{"start":{"line":42,"column":8},"end":{"line":42,"column":8}},{"start":{"line":42,"column":8},"end":{"line":42,"column":8}}]},"5":{"line":44,"type":"if","locations":[{"start":{"line":44,"column":8},"end":{"line":44,"column":8}},{"start":{"line":44,"column":8},"end":{"line":44,"column":8}}]},"6":{"line":54,"type":"if","locations":[{"start":{"line":54,"column":8},"end":{"line":54,"column":8}},{"start":{"line":54,"column":8},"end":{"line":54,"column":8}}]},"7":{"line":72,"type":"if","locations":[{"start":{"line":72,"column":15},"end":{"line":72,"column":15}},{"start":{"line":72,"column":15},"end":{"line":72,"column":15}}]},"8":{"line":73,"type":"if","locations":[{"start":{"line":73,"column":8},"end":{"line":73,"column":8}},{"start":{"line":73,"column":8},"end":{"line":73,"column":8}}]},"9":{"line":88,"type":"if","locations":[{"start":{"line":88,"column":32},"end":{"line":88,"column":32}},{"start":{"line":88,"column":32},"end":{"line":88,"column":32}}]},"10":{"line":99,"type":"if","locations":[{"start":{"line":99,"column":43},"end":{"line":99,"column":43}},{"start":{"line":99,"column":43},"end":{"line":99,"column":43}}]},"11":{"line":100,"type":"if","locations":[{"start":{"line":100,"column":8},"end":{"line":100,"column":8}},{"start":{"line":100,"column":8},"end":{"line":100,"column":8}}]},"12":{"line":116,"type":"if","locations":[{"start":{"line":116,"column":33},"end":{"line":116,"column":33}},{"start":{"line":116,"column":33},"end":{"line":116,"column":33}}]},"13":{"line":134,"type":"if","locations":[{"start":{"line":134,"column":62},"end":{"line":134,"column":62}},{"start":{"line":134,"column":62},"end":{"line":134,"column":62}}]},"14":{"line":134,"type":"if","locations":[{"start":{"line":134,"column":78},"end":{"line":134,"column":78}},{"start":{"line":134,"column":78},"end":{"line":134,"column":78}}]},"15":{"line":135,"type":"if","locations":[{"start":{"line":135,"column":8},"end":{"line":135,"column":8}},{"start":{"line":135,"column":8},"end":{"line":135,"column":8}}]},"16":{"line":166,"type":"if","locations":[{"start":{"line":166,"column":54},"end":{"line":166,"column":54}},{"start":{"line":166,"column":54},"end":{"line":166,"column":54}}]},"17":{"line":166,"type":"if","locations":[{"start":{"line":166,"column":70},"end":{"line":166,"column":70}},{"start":{"line":166,"column":70},"end":{"line":166,"column":70}}]},"18":{"line":172,"type":"if","locations":[{"start":{"line":172,"column":8},"end":{"line":172,"column":8}},{"start":{"line":172,"column":8},"end":{"line":172,"column":8}}]},"19":{"line":199,"type":"if","locations":[{"start":{"line":199,"column":8},"end":{"line":199,"column":8}},{"start":{"line":199,"column":8},"end":{"line":199,"column":8}}]},"20":{"line":213,"type":"if","locations":[{"start":{"line":213,"column":8},"end":{"line":213,"column":8}},{"start":{"line":213,"column":8},"end":{"line":213,"column":8}}]},"21":{"line":213,"type":"if","locations":[{"start":{"line":213,"column":24},"end":{"line":213,"column":24}},{"start":{"line":213,"column":24},"end":{"line":213,"column":24}}]},"22":{"line":229,"type":"if","locations":[{"start":{"line":229,"column":8},"end":{"line":229,"column":8}},{"start":{"line":229,"column":8},"end":{"line":229,"column":8}}]},"23":{"line":229,"type":"if","locations":[{"start":{"line":229,"column":24},"end":{"line":229,"column":24}},{"start":{"line":229,"column":24},"end":{"line":229,"column":24}}]},"24":{"line":246,"type":"if","locations":[{"start":{"line":246,"column":8},"end":{"line":246,"column":8}},{"start":{"line":246,"column":8},"end":{"line":246,"column":8}}]},"25":{"line":246,"type":"if","locations":[{"start":{"line":246,"column":24},"end":{"line":246,"column":24}},{"start":{"line":246,"column":24},"end":{"line":246,"column":24}}]},"26":{"line":247,"type":"if","locations":[{"start":{"line":247,"column":8},"end":{"line":247,"column":8}},{"start":{"line":247,"column":8},"end":{"line":247,"column":8}}]},"27":{"line":263,"type":"if","locations":[{"start":{"line":263,"column":17},"end":{"line":263,"column":17}},{"start":{"line":263,"column":17},"end":{"line":263,"column":17}}]},"28":{"line":263,"type":"if","locations":[{"start":{"line":263,"column":33},"end":{"line":263,"column":33}},{"start":{"line":263,"column":33},"end":{"line":263,"column":33}}]},"29":{"line":281,"type":"if","locations":[{"start":{"line":281,"column":8},"end":{"line":281,"column":8}},{"start":{"line":281,"column":8},"end":{"line":281,"column":8}}]},"30":{"line":282,"type":"if","locations":[{"start":{"line":282,"column":8},"end":{"line":282,"column":8}},{"start":{"line":282,"column":8},"end":{"line":282,"column":8}}]},"31":{"line":286,"type":"if","locations":[{"start":{"line":286,"column":8},"end":{"line":286,"column":8}},{"start":{"line":286,"column":8},"end":{"line":286,"column":8}}]},"32":{"line":307,"type":"if","locations":[{"start":{"line":307,"column":46},"end":{"line":307,"column":46}},{"start":{"line":307,"column":46},"end":{"line":307,"column":46}}]},"33":{"line":311,"type":"if","locations":[{"start":{"line":311,"column":8},"end":{"line":311,"column":8}},{"start":{"line":311,"column":8},"end":{"line":311,"column":8}}]},"34":{"line":314,"type":"if","locations":[{"start":{"line":314,"column":12},"end":{"line":314,"column":12}},{"start":{"line":314,"column":12},"end":{"line":314,"column":12}}]},"35":{"line":340,"type":"if","locations":[{"start":{"line":340,"column":38},"end":{"line":340,"column":38}},{"start":{"line":340,"column":38},"end":{"line":340,"column":38}}]},"36":{"line":342,"type":"if","locations":[{"start":{"line":342,"column":12},"end":{"line":342,"column":37}},{"start":{"line":342,"column":41},"end":{"line":342,"column":64}}]},"37":{"line":357,"type":"if","locations":[{"start":{"line":357,"column":50},"end":{"line":357,"column":50}},{"start":{"line":357,"column":50},"end":{"line":357,"column":50}}]},"38":{"line":359,"type":"if","locations":[{"start":{"line":359,"column":8},"end":{"line":359,"column":8}},{"start":{"line":359,"column":8},"end":{"line":359,"column":8}}]},"39":{"line":377,"type":"if","locations":[{"start":{"line":377,"column":44},"end":{"line":377,"column":44}},{"start":{"line":377,"column":44},"end":{"line":377,"column":44}}]},"40":{"line":381,"type":"if","locations":[{"start":{"line":381,"column":8},"end":{"line":381,"column":8}},{"start":{"line":381,"column":8},"end":{"line":381,"column":8}}]},"41":{"line":385,"type":"if","locations":[{"start":{"line":385,"column":15},"end":{"line":385,"column":15}},{"start":{"line":385,"column":15},"end":{"line":385,"column":15}}]},"42":{"line":387,"type":"if","locations":[{"start":{"line":387,"column":16},"end":{"line":387,"column":41}},{"start":{"line":387,"column":45},"end":{"line":387,"column":68}}]},"43":{"line":393,"type":"if","locations":[{"start":{"line":393,"column":8},"end":{"line":393,"column":8}},{"start":{"line":393,"column":8},"end":{"line":393,"column":8}}]},"44":{"line":408,"type":"if","locations":[{"start":{"line":408,"column":12},"end":{"line":408,"column":12}},{"start":{"line":408,"column":12},"end":{"line":408,"column":12}}]}}},"contracts/Utils.sol":{"l":{"11":83,"12":83,"13":83,"15":83,"24":28,"25":28,"26":28,"27":28,"32":20,"33":52,"34":2},"path":"/home/marco/Documenti/University/P2P/MasterMind/contracts/Utils.sol","s":{"1":83,"2":83,"3":83,"4":83,"5":28,"6":28,"7":28,"8":28,"9":20,"10":52,"11":18,"12":2},"b":{"1":[18,34]},"f":{"1":83,"2":28,"3":20},"fnMap":{"1":{"name":"rand","line":10,"loc":{"start":{"line":10,"column":0},"end":{"line":16,"column":0}}},"2":{"name":"hashOf","line":23,"loc":{"start":{"line":23,"column":0},"end":{"line":28,"column":0}}},"3":{"name":"equalCodes","line":31,"loc":{"start":{"line":31,"column":0},"end":{"line":35,"column":0}}}},"statementMap":{"1":{"start":{"line":11,"column":4},"end":{"line":11,"column":47}},"2":{"start":{"line":12,"column":4},"end":{"line":12,"column":43}},"3":{"start":{"line":13,"column":4},"end":{"line":13,"column":54}},"4":{"start":{"line":15,"column":4},"end":{"line":15,"column":41}},"5":{"start":{"line":24,"column":4},"end":{"line":24,"column":23}},"6":{"start":{"line":25,"column":4},"end":{"line":25,"column":88}},"7":{"start":{"line":26,"column":4},"end":{"line":26,"column":88}},"8":{"start":{"line":27,"column":4},"end":{"line":27,"column":46}},"9":{"start":{"line":32,"column":4},"end":{"line":32,"column":1187}},"10":{"start":{"line":33,"column":8},"end":{"line":33,"column":46}},"11":{"start":{"line":33,"column":34},"end":{"line":33,"column":46}},"12":{"start":{"line":34,"column":4},"end":{"line":34,"column":15}}},"branchMap":{"1":{"line":33,"type":"if","locations":[{"start":{"line":33,"column":8},"end":{"line":33,"column":8}},{"start":{"line":33,"column":8},"end":{"line":33,"column":8}}]}}}}