{
"contracts/Constants.sol":{"l":{},"path":"/home/marco/Documenti/University/P2P/MasterMind/contracts/Constants.sol","s":{},"b":{},"f":{},"fnMap":{},"statementMap":{},"branchMap":{}},
"contracts/Events.sol":{"l":{},"path":"/home/marco/Documenti/University/P2P/MasterMind/contracts/Events.sol","s":{},"b":{},"f":{},"fnMap":{},"statementMap":{},"branchMap":{}},
"contracts/Game.sol":{"l":{"41":65,"47":273,"48":271,"53":240,"54":239,"59":782,"60":773,"64":84,"71":83,"77":32,"79":8,"84":6,"88":76,"96":692,"100":692,"105":692,"106":692,"118":51,"119":51,"127":16,"128":16,"129":16,"142":32,"143":32,"144":24,"146":32,"160":88,"161":88,"167":87,"168":1,"170":86,"171":86,"173":86,"174":41,"176":86,"190":71,"191":70,"195":70,"197":69,"207":38,"208":38,"220":233,"221":233,"222":233,"235":202,"236":202,"237":202,"251":28,"252":27,"253":27,"254":27,"267":5,"270":4,"271":4,"272":4,"275":4,"276":16,"277":10,"278":10,"279":10,"284":4,"285":16,"287":6,"288":21,"290":7,"291":2,"292":2,"293":2,"298":4,"310":20,"315":20,"321":20,"322":20,"323":20,"324":20,"326":20,"335":5,"345":76,"346":76,"356":4,"357":4,"362":4,"363":4,"365":4,"366":3},"path":"/home/marco/Documenti/University/P2P/MasterMind/contracts/Game.sol","s":{"1":273,"2":240,"3":782,"4":84,"5":83,"6":37,"7":46,"8":32,"9":14,"10":8,"11":6,"12":6,"13":692,"14":692,"15":1000,"16":494,"17":80,"18":16,"19":16,"20":32,"21":32,"22":88,"23":88,"24":87,"25":1,"26":86,"27":86,"28":86,"29":71,"30":70,"31":70,"32":69,"33":233,"34":28,"35":5,"36":4,"37":4,"38":4,"39":4,"40":4,"41":4,"42":16,"43":4,"44":16,"45":6,"46":21,"47":7,"48":4,"49":20,"50":20,"51":5,"52":4,"53":4,"54":4,"55":4,"56":1,"57":3,"58":1,"59":2},"b":{"1":[271,2],"2":[239,1],"3":[773,9],"4":[83,1],"5":[37,46],"6":[2,31],"7":[31,4],"8":[37,0],"9":[32,14],"10":[32,0],"11":[8,6],"12":[4,4],"13":[6,0],"14":[3,3],"15":[692,0],"16":[620,72],"17":[692,0],"18":[620,72],"19":[51,0],"20":[32,0],"21":[32,0],"22":[32,0],"23":[24,8],"24":[88,3],"25":[88,0],"26":[88,0],"27":[87,1],"28":[45,42],"29":[1,86],"30":[41,45],"31":[71,2],"32":[71,0],"33":[70,1],"34":[70,0],"35":[37,33],"36":[69,1],"37":[40,1],"38":[38,2],"39":[38,0],"40":[234,1],"41":[233,1],"42":[233,0],"43":[233,0],"44":[205,28],"45":[203,0],"46":[202,1],"47":[202,0],"48":[199,3],"49":[28,1],"50":[28,0],"51":[28,0],"52":[27,1],"53":[5,0],"54":[5,0],"55":[4,1],"56":[10,6],"57":[10,6],"58":[14,7],"59":[2,5],"60":[20,0],"61":[20,0],"62":[5,15],"63":[5,0],"64":[1,0],"65":[4,1],"66":[76,8],"67":[4,0],"68":[4,0],"69":[1,3],"70":[1,2]},"f":{"1":65,"2":273,"3":240,"4":782,"5":84,"6":692,"7":1000,"8":494,"9":51,"10":80,"11":16,"12":32,"13":88,"14":71,"15":38,"16":233,"17":202,"18":28,"19":5,"20":20,"21":5,"22":76,"23":4},"fnMap":{"1":{"name":"newGame","line":40,"loc":{"start":{"line":40,"column":4},"end":{"line":43,"column":4}}},"2":{"name":"codeMakerTurn","line":46,"loc":{"start":{"line":46,"column":4},"end":{"line":49,"column":4}}},"3":{"name":"codeBreakerTurn","line":52,"loc":{"start":{"line":52,"column":4},"end":{"line":55,"column":4}}},"4":{"name":"checkPhase","line":58,"loc":{"start":{"line":58,"column":4},"end":{"line":61,"column":4}}},"5":{"name":"otherPlayerTurn","line":63,"loc":{"start":{"line":63,"column":4},"end":{"line":89,"column":4}}},"6":{"name":"checkAFK","line":95,"loc":{"start":{"line":95,"column":4},"end":{"line":107,"column":4}}},"7":{"name":"getCodeMaker","line":109,"loc":{"start":{"line":109,"column":4},"end":{"line":110,"column":51}}},"8":{"name":"getCodeBreaker","line":112,"loc":{"start":{"line":112,"column":4},"end":{"line":113,"column":53}}},"9":{"name":"setCodeBreaker","line":117,"loc":{"start":{"line":116,"column":4},"end":{"line":120,"column":4}}},"10":{"name":"howManyPayed","line":122,"loc":{"start":{"line":122,"column":4},"end":{"line":123,"column":56}}},"11":{"name":"popStake","line":126,"loc":{"start":{"line":126,"column":4},"end":{"line":130,"column":4}}},"12":{"name":"shuffleRoles","line":141,"loc":{"start":{"line":140,"column":4},"end":{"line":147,"column":4}}},"13":{"name":"declareStake","line":159,"loc":{"start":{"line":158,"column":4},"end":{"line":177,"column":4}}},"14":{"name":"setStake","line":189,"loc":{"start":{"line":188,"column":4},"end":{"line":198,"column":4}}},"15":{"name":"setHash","line":206,"loc":{"start":{"line":205,"column":4},"end":{"line":209,"column":4}}},"16":{"name":"pushGuess","line":219,"loc":{"start":{"line":218,"column":4},"end":{"line":223,"column":4}}},"17":{"name":"pushFeedback","line":234,"loc":{"start":{"line":233,"column":4},"end":{"line":238,"column":4}}},"18":{"name":"reveal","line":250,"loc":{"start":{"line":249,"column":4},"end":{"line":255,"column":4}}},"19":{"name":"correctFeedback","line":266,"loc":{"start":{"line":265,"column":4},"end":{"line":299,"column":4}}},"20":{"name":"getPoints","line":309,"loc":{"start":{"line":308,"column":4},"end":{"line":327,"column":4}}},"21":{"name":"whoWon","line":334,"loc":{"start":{"line":334,"column":4},"end":{"line":337,"column":4}}},"22":{"name":"accuseAFK","line":344,"loc":{"start":{"line":344,"column":4},"end":{"line":347,"column":4}}},"23":{"name":"winByAFK","line":355,"loc":{"start":{"line":355,"column":4},"end":{"line":368,"column":4}}}},"statementMap":{"1":{"start":{"line":47,"column":8},"end":{"line":47,"column":65}},"2":{"start":{"line":53,"column":8},"end":{"line":53,"column":67}},"3":{"start":{"line":59,"column":8},"end":{"line":59,"column":66}},"4":{"start":{"line":64,"column":8},"end":{"line":64,"column":2401}},"5":{"start":{"line":71,"column":8},"end":{"line":71,"column":2611}},"6":{"start":{"line":75,"column":12},"end":{"line":75,"column":72}},"7":{"start":{"line":76,"column":13},"end":{"line":76,"column":2844}},"8":{"start":{"line":77,"column":12},"end":{"line":77,"column":72}},"9":{"start":{"line":78,"column":13},"end":{"line":78,"column":2965}},"10":{"start":{"line":79,"column":12},"end":{"line":79,"column":3015}},"11":{"start":{"line":83,"column":13},"end":{"line":83,"column":3200}},"12":{"start":{"line":84,"column":12},"end":{"line":84,"column":3250}},"13":{"start":{"line":96,"column":8},"end":{"line":96,"column":3655}},"14":{"start":{"line":100,"column":8},"end":{"line":100,"column":3814}},"15":{"start":{"line":110,"column":28},"end":{"line":110,"column":49}},"16":{"start":{"line":113,"column":28},"end":{"line":113,"column":51}},"17":{"start":{"line":123,"column":28},"end":{"line":123,"column":54}},"18":{"start":{"line":127,"column":8},"end":{"line":127,"column":32}},"19":{"start":{"line":129,"column":8},"end":{"line":129,"column":18}},"20":{"start":{"line":142,"column":8},"end":{"line":142,"column":93}},"21":{"start":{"line":143,"column":8},"end":{"line":143,"column":5695}},"22":{"start":{"line":160,"column":8},"end":{"line":160,"column":62}},"23":{"start":{"line":161,"column":8},"end":{"line":161,"column":6420}},"24":{"start":{"line":167,"column":8},"end":{"line":167,"column":6630}},"25":{"start":{"line":168,"column":12},"end":{"line":168,"column":24}},"26":{"start":{"line":171,"column":8},"end":{"line":171,"column":39}},"27":{"start":{"line":173,"column":8},"end":{"line":173,"column":6813}},"28":{"start":{"line":176,"column":8},"end":{"line":176,"column":19}},"29":{"start":{"line":190,"column":8},"end":{"line":190,"column":62}},"30":{"start":{"line":191,"column":8},"end":{"line":191,"column":7543}},"31":{"start":{"line":195,"column":8},"end":{"line":195,"column":53}},"32":{"start":{"line":197,"column":8},"end":{"line":197,"column":36}},"33":{"start":{"line":220,"column":8},"end":{"line":220,"column":74}},"34":{"start":{"line":251,"column":8},"end":{"line":251,"column":68}},"35":{"start":{"line":267,"column":8},"end":{"line":267,"column":100}},"36":{"start":{"line":269,"column":8},"end":{"line":269,"column":26}},"37":{"start":{"line":269,"column":28},"end":{"line":269,"column":46}},"38":{"start":{"line":270,"column":8},"end":{"line":270,"column":111}},"39":{"start":{"line":271,"column":8},"end":{"line":271,"column":45}},"40":{"start":{"line":272,"column":8},"end":{"line":272,"column":42}},"41":{"start":{"line":275,"column":8},"end":{"line":275,"column":11535}},"42":{"start":{"line":276,"column":12},"end":{"line":276,"column":11589}},"43":{"start":{"line":284,"column":8},"end":{"line":284,"column":11844}},"44":{"start":{"line":285,"column":12},"end":{"line":285,"column":42}},"45":{"start":{"line":287,"column":12},"end":{"line":287,"column":11944}},"46":{"start":{"line":288,"column":16},"end":{"line":288,"column":49}},"47":{"start":{"line":290,"column":16},"end":{"line":290,"column":12054}},"48":{"start":{"line":298,"column":8},"end":{"line":298,"column":49}},"49":{"start":{"line":310,"column":8},"end":{"line":310,"column":12750}},"50":{"start":{"line":326,"column":8},"end":{"line":326,"column":55}},"51":{"start":{"line":335,"column":8},"end":{"line":335,"column":13742}},"52":{"start":{"line":356,"column":8},"end":{"line":356,"column":85}},"53":{"start":{"line":357,"column":8},"end":{"line":357,"column":14678}},"54":{"start":{"line":362,"column":8},"end":{"line":362,"column":34}},"55":{"start":{"line":365,"column":8},"end":{"line":365,"column":55}},"56":{"start":{"line":365,"column":47},"end":{"line":365,"column":55}},"57":{"start":{"line":366,"column":8},"end":{"line":366,"column":15002}},"58":{"start":{"line":366,"column":47},"end":{"line":366,"column":59}},"59":{"start":{"line":367,"column":13},"end":{"line":367,"column":29}}},"branchMap":{"1":{"line":47,"type":"if","locations":[{"start":{"line":47,"column":8},"end":{"line":47,"column":8}},{"start":{"line":47,"column":8},"end":{"line":47,"column":8}}]},"2":{"line":53,"type":"if","locations":[{"start":{"line":53,"column":8},"end":{"line":53,"column":8}},{"start":{"line":53,"column":8},"end":{"line":53,"column":8}}]},"3":{"line":59,"type":"if","locations":[{"start":{"line":59,"column":8},"end":{"line":59,"column":8}},{"start":{"line":59,"column":8},"end":{"line":59,"column":8}}]},"4":{"line":64,"type":"if","locations":[{"start":{"line":64,"column":8},"end":{"line":64,"column":8}},{"start":{"line":64,"column":8},"end":{"line":64,"column":8}}]},"5":{"line":71,"type":"if","locations":[{"start":{"line":71,"column":8},"end":{"line":71,"column":8}},{"start":{"line":71,"column":8},"end":{"line":71,"column":8}}]},"6":{"line":72,"type":"cond-expr","locations":[{"start":{"line":72,"column":12},"end":{"line":72,"column":41}},{"start":{"line":73,"column":12},"end":{"line":73,"column":39}}]},"7":{"line":72,"type":"cond-expr","locations":[{"start":{"line":72,"column":12},"end":{"line":73,"column":39}},{"start":{"line":74,"column":12},"end":{"line":74,"column":39}}]},"8":{"line":75,"type":"if","locations":[{"start":{"line":75,"column":12},"end":{"line":75,"column":12}},{"start":{"line":75,"column":12},"end":{"line":75,"column":12}}]},"9":{"line":76,"type":"if","locations":[{"start":{"line":76,"column":13},"end":{"line":76,"column":13}},{"start":{"line":76,"column":13},"end":{"line":76,"column":13}}]},"10":{"line":77,"type":"if","locations":[{"start":{"line":77,"column":12},"end":{"line":77,"column":12}},{"start":{"line":77,"column":12},"end":{"line":77,"column":12}}]},"11":{"line":78,"type":"if","locations":[{"start":{"line":78,"column":13},"end":{"line":78,"column":13}},{"start":{"line":78,"column":13},"end":{"line":78,"column":13}}]},"12":{"line":79,"type":"if","locations":[{"start":{"line":79,"column":12},"end":{"line":79,"column":12}},{"start":{"line":79,"column":12},"end":{"line":79,"column":12}}]},"13":{"line":83,"type":"if","locations":[{"start":{"line":83,"column":13},"end":{"line":83,"column":13}},{"start":{"line":83,"column":13},"end":{"line":83,"column":13}}]},"14":{"line":84,"type":"if","locations":[{"start":{"line":84,"column":12},"end":{"line":84,"column":12}},{"start":{"line":84,"column":12},"end":{"line":84,"column":12}}]},"15":{"line":96,"type":"if","locations":[{"start":{"line":96,"column":8},"end":{"line":96,"column":8}},{"start":{"line":96,"column":8},"end":{"line":96,"column":8}}]},"16":{"line":97,"type":"cond-expr","locations":[{"start":{"line":97,"column":12},"end":{"line":97,"column":33}},{"start":{"line":97,"column":38},"end":{"line":97,"column":59}}]},"17":{"line":100,"type":"if","locations":[{"start":{"line":100,"column":8},"end":{"line":100,"column":8}},{"start":{"line":100,"column":8},"end":{"line":100,"column":8}}]},"18":{"line":101,"type":"cond-expr","locations":[{"start":{"line":101,"column":12},"end":{"line":101,"column":33}},{"start":{"line":102,"column":12},"end":{"line":102,"column":81}}]},"19":{"line":117,"type":"if","locations":[{"start":{"line":117,"column":8},"end":{"line":117,"column":8}},{"start":{"line":117,"column":8},"end":{"line":117,"column":8}}]},"20":{"line":141,"type":"if","locations":[{"start":{"line":141,"column":8},"end":{"line":141,"column":8}},{"start":{"line":141,"column":8},"end":{"line":141,"column":8}}]},"21":{"line":141,"type":"if","locations":[{"start":{"line":141,"column":44},"end":{"line":141,"column":44}},{"start":{"line":141,"column":44},"end":{"line":141,"column":44}}]},"22":{"line":142,"type":"if","locations":[{"start":{"line":142,"column":8},"end":{"line":142,"column":8}},{"start":{"line":142,"column":8},"end":{"line":142,"column":8}}]},"23":{"line":143,"type":"if","locations":[{"start":{"line":143,"column":8},"end":{"line":143,"column":8}},{"start":{"line":143,"column":8},"end":{"line":143,"column":8}}]},"24":{"line":159,"type":"if","locations":[{"start":{"line":159,"column":8},"end":{"line":159,"column":8}},{"start":{"line":159,"column":8},"end":{"line":159,"column":8}}]},"25":{"line":159,"type":"if","locations":[{"start":{"line":159,"column":44},"end":{"line":159,"column":44}},{"start":{"line":159,"column":44},"end":{"line":159,"column":44}}]},"26":{"line":160,"type":"if","locations":[{"start":{"line":160,"column":8},"end":{"line":160,"column":8}},{"start":{"line":160,"column":8},"end":{"line":160,"column":8}}]},"27":{"line":161,"type":"if","locations":[{"start":{"line":161,"column":8},"end":{"line":161,"column":8}},{"start":{"line":161,"column":8},"end":{"line":161,"column":8}}]},"28":{"line":162,"type":"cond-expr","locations":[{"start":{"line":162,"column":12},"end":{"line":162,"column":38}},{"start":{"line":163,"column":12},"end":{"line":163,"column":76}}]},"29":{"line":167,"type":"if","locations":[{"start":{"line":167,"column":8},"end":{"line":167,"column":8}},{"start":{"line":167,"column":8},"end":{"line":167,"column":8}}]},"30":{"line":173,"type":"if","locations":[{"start":{"line":173,"column":8},"end":{"line":173,"column":8}},{"start":{"line":173,"column":8},"end":{"line":173,"column":8}}]},"31":{"line":189,"type":"if","locations":[{"start":{"line":189,"column":8},"end":{"line":189,"column":8}},{"start":{"line":189,"column":8},"end":{"line":189,"column":8}}]},"32":{"line":189,"type":"if","locations":[{"start":{"line":189,"column":44},"end":{"line":189,"column":44}},{"start":{"line":189,"column":44},"end":{"line":189,"column":44}}]},"33":{"line":190,"type":"if","locations":[{"start":{"line":190,"column":8},"end":{"line":190,"column":8}},{"start":{"line":190,"column":8},"end":{"line":190,"column":8}}]},"34":{"line":191,"type":"if","locations":[{"start":{"line":191,"column":8},"end":{"line":191,"column":8}},{"start":{"line":191,"column":8},"end":{"line":191,"column":8}}]},"35":{"line":192,"type":"cond-expr","locations":[{"start":{"line":192,"column":12},"end":{"line":192,"column":35}},{"start":{"line":192,"column":40},"end":{"line":192,"column":98}}]},"36":{"line":195,"type":"if","locations":[{"start":{"line":195,"column":8},"end":{"line":195,"column":8}},{"start":{"line":195,"column":8},"end":{"line":195,"column":8}}]},"37":{"line":206,"type":"if","locations":[{"start":{"line":206,"column":8},"end":{"line":206,"column":8}},{"start":{"line":206,"column":8},"end":{"line":206,"column":8}}]},"38":{"line":206,"type":"if","locations":[{"start":{"line":206,"column":28},"end":{"line":206,"column":28}},{"start":{"line":206,"column":28},"end":{"line":206,"column":28}}]},"39":{"line":206,"type":"if","locations":[{"start":{"line":206,"column":63},"end":{"line":206,"column":63}},{"start":{"line":206,"column":63},"end":{"line":206,"column":63}}]},"40":{"line":219,"type":"if","locations":[{"start":{"line":219,"column":8},"end":{"line":219,"column":8}},{"start":{"line":219,"column":8},"end":{"line":219,"column":8}}]},"41":{"line":219,"type":"if","locations":[{"start":{"line":219,"column":30},"end":{"line":219,"column":30}},{"start":{"line":219,"column":30},"end":{"line":219,"column":30}}]},"42":{"line":219,"type":"if","locations":[{"start":{"line":219,"column":60},"end":{"line":219,"column":60}},{"start":{"line":219,"column":60},"end":{"line":219,"column":60}}]},"43":{"line":220,"type":"if","locations":[{"start":{"line":220,"column":8},"end":{"line":220,"column":8}},{"start":{"line":220,"column":8},"end":{"line":220,"column":8}}]},"44":{"line":222,"type":"if","locations":[{"start":{"line":222,"column":48},"end":{"line":222,"column":61}},{"start":{"line":222,"column":65},"end":{"line":222,"column":78}}]},"45":{"line":234,"type":"if","locations":[{"start":{"line":234,"column":8},"end":{"line":234,"column":8}},{"start":{"line":234,"column":8},"end":{"line":234,"column":8}}]},"46":{"line":234,"type":"if","locations":[{"start":{"line":234,"column":28},"end":{"line":234,"column":28}},{"start":{"line":234,"column":28},"end":{"line":234,"column":28}}]},"47":{"line":234,"type":"if","locations":[{"start":{"line":234,"column":61},"end":{"line":234,"column":61}},{"start":{"line":234,"column":61},"end":{"line":234,"column":61}}]},"48":{"line":237,"type":"if","locations":[{"start":{"line":237,"column":36},"end":{"line":237,"column":46}},{"start":{"line":237,"column":50},"end":{"line":237,"column":63}}]},"49":{"line":250,"type":"if","locations":[{"start":{"line":250,"column":8},"end":{"line":250,"column":8}},{"start":{"line":250,"column":8},"end":{"line":250,"column":8}}]},"50":{"line":250,"type":"if","locations":[{"start":{"line":250,"column":28},"end":{"line":250,"column":28}},{"start":{"line":250,"column":28},"end":{"line":250,"column":28}}]},"51":{"line":250,"type":"if","locations":[{"start":{"line":250,"column":61},"end":{"line":250,"column":61}},{"start":{"line":250,"column":61},"end":{"line":250,"column":61}}]},"52":{"line":251,"type":"if","locations":[{"start":{"line":251,"column":8},"end":{"line":251,"column":8}},{"start":{"line":251,"column":8},"end":{"line":251,"column":8}}]},"53":{"line":266,"type":"if","locations":[{"start":{"line":266,"column":8},"end":{"line":266,"column":8}},{"start":{"line":266,"column":8},"end":{"line":266,"column":8}}]},"54":{"line":266,"type":"if","locations":[{"start":{"line":266,"column":30},"end":{"line":266,"column":30}},{"start":{"line":266,"column":30},"end":{"line":266,"column":30}}]},"55":{"line":267,"type":"if","locations":[{"start":{"line":267,"column":8},"end":{"line":267,"column":8}},{"start":{"line":267,"column":8},"end":{"line":267,"column":8}}]},"56":{"line":276,"type":"if","locations":[{"start":{"line":276,"column":12},"end":{"line":276,"column":12}},{"start":{"line":276,"column":12},"end":{"line":276,"column":12}}]},"57":{"line":285,"type":"if","locations":[{"start":{"line":285,"column":12},"end":{"line":285,"column":12}},{"start":{"line":285,"column":12},"end":{"line":285,"column":12}}]},"58":{"line":288,"type":"if","locations":[{"start":{"line":288,"column":16},"end":{"line":288,"column":16}},{"start":{"line":288,"column":16},"end":{"line":288,"column":16}}]},"59":{"line":290,"type":"if","locations":[{"start":{"line":290,"column":16},"end":{"line":290,"column":16}},{"start":{"line":290,"column":16},"end":{"line":290,"column":16}}]},"60":{"line":309,"type":"if","locations":[{"start":{"line":309,"column":8},"end":{"line":309,"column":8}},{"start":{"line":309,"column":8},"end":{"line":309,"column":8}}]},"61":{"line":310,"type":"if","locations":[{"start":{"line":310,"column":8},"end":{"line":310,"column":8}},{"start":{"line":310,"column":8},"end":{"line":310,"column":8}}]},"62":{"line":324,"type":"if","locations":[{"start":{"line":324,"column":44},"end":{"line":324,"column":56}},{"start":{"line":324,"column":60},"end":{"line":324,"column":75}}]},"63":{"line":334,"type":"if","locations":[{"start":{"line":334,"column":53},"end":{"line":334,"column":53}},{"start":{"line":334,"column":53},"end":{"line":334,"column":53}}]},"64":{"line":336,"type":"if","locations":[{"start":{"line":336,"column":79},"end":{"line":336,"column":92}},{"start":{"line":336,"column":96},"end":{"line":336,"column":111}}]},"65":{"line":335,"type":"if","locations":[{"start":{"line":335,"column":79},"end":{"line":335,"column":88}},{"start":{"line":336,"column":16},"end":{"line":336,"column":111}}]},"66":{"line":344,"type":"if","locations":[{"start":{"line":344,"column":69},"end":{"line":344,"column":69}},{"start":{"line":344,"column":69},"end":{"line":344,"column":69}}]},"67":{"line":356,"type":"if","locations":[{"start":{"line":356,"column":8},"end":{"line":356,"column":8}},{"start":{"line":356,"column":8},"end":{"line":356,"column":8}}]},"68":{"line":357,"type":"if","locations":[{"start":{"line":357,"column":8},"end":{"line":357,"column":8}},{"start":{"line":357,"column":8},"end":{"line":357,"column":8}}]},"69":{"line":365,"type":"if","locations":[{"start":{"line":365,"column":8},"end":{"line":365,"column":8}},{"start":{"line":365,"column":8},"end":{"line":365,"column":8}}]},"70":{"line":366,"type":"if","locations":[{"start":{"line":366,"column":8},"end":{"line":366,"column":8}},{"start":{"line":366,"column":8},"end":{"line":366,"column":8}}]}}},
"contracts/MasterMind.sol":{"l":{"24":188,"28":185,"32":797,"37":793,"41":673,"42":673,"43":673,"44":656,"45":72,"54":54,"56":51,"57":51,"58":51,"59":51,"60":51,"73":66,"75":65,"81":65,"82":65,"84":65,"89":62,"90":62,"100":3,"105":2,"106":2,"116":54,"117":51,"118":51,"119":51,"134":91,"135":1,"136":1,"146":20,"147":20,"148":20,"149":20,"167":73,"168":73,"171":69,"172":32,"173":32,"185":4,"186":4,"187":4,"197":19,"198":19,"213":41,"214":38,"229":235,"230":233,"246":204,"247":203,"248":202,"263":29,"264":27,"281":6,"283":5,"284":5,"285":5,"286":2,"288":2,"290":4,"307":20,"308":20,"310":20,"311":5,"312":5,"313":5,"314":4,"316":4,"317":4,"319":4,"320":4,"323":1,"324":1,"325":1,"327":5,"340":84,"342":84,"343":76,"357":4,"358":4,"359":3,"360":3,"361":3,"363":4,"377":6,"379":6,"380":6,"381":1,"382":1,"383":1,"385":2,"387":2,"388":2,"389":2,"392":6,"393":2,"395":6,"406":2,"407":2,"408":2,"409":2,"410":2},"path":"/home/marco/Documenti/University/P2P/MasterMind/contracts/MasterMind.sol","s":{"1":188,"2":797,"3":673,"4":673,"5":656,"6":72,"7":54,"8":51,"9":51,"10":51,"11":51,"12":66,"13":65,"14":65,"15":65,"16":62,"17":62,"18":3,"19":2,"20":54,"21":51,"22":51,"23":91,"24":1,"25":1,"26":86,"27":20,"28":73,"29":73,"30":69,"31":32,"32":32,"33":4,"34":4,"35":4,"36":19,"37":19,"38":41,"39":38,"40":235,"41":233,"42":204,"43":203,"44":202,"45":29,"46":27,"47":6,"48":5,"49":5,"50":5,"51":2,"52":2,"53":4,"54":20,"55":20,"56":20,"57":5,"58":5,"59":5,"60":4,"61":4,"62":4,"63":4,"64":4,"65":1,"66":1,"67":1,"68":5,"69":15,"70":84,"71":84,"72":76,"73":4,"74":4,"75":3,"76":3,"77":3,"78":4,"79":6,"80":6,"81":6,"82":1,"83":1,"84":1,"85":5,"86":2,"87":2,"88":2,"89":2,"90":6,"91":2,"92":6,"93":2,"94":2,"95":2,"96":2},"b":{"1":[185,3],"2":[793,4],"3":[433,360],"4":[72,601],"5":[72,584],"6":[51,3],"7":[66,0],"8":[65,1],"9":[62,2],"10":[3,0],"11":[2,1],"12":[54,1],"13":[91,1],"14":[91,0],"15":[1,86],"16":[73,1],"17":[73,0],"18":[32,37],"19":[19,0],"20":[41,1],"21":[41,0],"22":[235,0],"23":[235,0],"24":[204,0],"25":[204,0],"26":[203,1],"27":[29,0],"28":[29,0],"29":[6,0],"30":[5,1],"31":[2,2],"32":[20,0],"33":[5,15],"34":[4,1],"35":[84,0],"36":[47,37],"37":[4,0],"38":[3,1],"39":[6,1],"40":[1,5],"41":[2,3],"42":[1,1],"43":[2,4],"44":[2,0]},"f":{"1":188,"2":797,"3":673,"4":54,"5":66,"6":62,"7":3,"8":54,"9":91,"10":20,"11":73,"12":4,"13":19,"14":41,"15":235,"16":204,"17":29,"18":6,"19":20,"20":84,"21":4,"22":6,"23":2},"fnMap":{"1":{"name":"ifNotPlaying","line":23,"loc":{"start":{"line":23,"column":4},"end":{"line":29,"column":4}}},"2":{"name":"userAllowed","line":31,"loc":{"start":{"line":31,"column":4},"end":{"line":38,"column":4}}},"3":{"name":"handleAFK","line":40,"loc":{"start":{"line":40,"column":4},"end":{"line":46,"column":4}}},"4":{"name":"pickFreeGame","line":53,"loc":{"start":{"line":53,"column":4},"end":{"line":61,"column":4}}},"5":{"name":"newGame","line":72,"loc":{"start":{"line":71,"column":4},"end":{"line":85,"column":4}}},"6":{"name":"newGame","line":88,"loc":{"start":{"line":88,"column":4},"end":{"line":91,"column":4}}},"7":{"name":"joinGame","line":99,"loc":{"start":{"line":99,"column":4},"end":{"line":107,"column":4}}},"8":{"name":"joinGame","line":115,"loc":{"start":{"line":115,"column":4},"end":{"line":120,"column":4}}},"9":{"name":"declareStake","line":133,"loc":{"start":{"line":133,"column":4},"end":{"line":138,"column":4}}},"10":{"name":"closeGame","line":145,"loc":{"start":{"line":145,"column":4},"end":{"line":150,"column":4}}},"11":{"name":"prepareGame","line":165,"loc":{"start":{"line":165,"column":4},"end":{"line":175,"column":4}}},"12":{"name":"punishAndReward","line":184,"loc":{"start":{"line":184,"column":4},"end":{"line":188,"column":4}}},"13":{"name":"call","line":196,"loc":{"start":{"line":196,"column":4},"end":{"line":199,"column":4}}},"14":{"name":"sendCode","line":212,"loc":{"start":{"line":211,"column":4},"end":{"line":215,"column":4}}},"15":{"name":"sendGuess","line":228,"loc":{"start":{"line":227,"column":4},"end":{"line":231,"column":4}}},"16":{"name":"sendFeedback","line":245,"loc":{"start":{"line":244,"column":4},"end":{"line":249,"column":4}}},"17":{"name":"submitSolution","line":262,"loc":{"start":{"line":261,"column":4},"end":{"line":265,"column":4}}},"18":{"name":"startDispute","line":280,"loc":{"start":{"line":279,"column":4},"end":{"line":291,"column":4}}},"19":{"name":"updateScore","line":306,"loc":{"start":{"line":306,"column":4},"end":{"line":330,"column":4}}},"20":{"name":"AFK","line":339,"loc":{"start":{"line":339,"column":4},"end":{"line":344,"column":4}}},"21":{"name":"claimStakeByAFK","line":356,"loc":{"start":{"line":356,"column":4},"end":{"line":364,"column":4}}},"22":{"name":"leaveGame","line":376,"loc":{"start":{"line":376,"column":4},"end":{"line":396,"column":4}}},"23":{"name":"removeFreeGame","line":405,"loc":{"start":{"line":405,"column":4},"end":{"line":412,"column":4}}}},"statementMap":{"1":{"start":{"line":24,"column":8},"end":{"line":24,"column":561}},"2":{"start":{"line":32,"column":8},"end":{"line":32,"column":739}},"3":{"start":{"line":41,"column":8},"end":{"line":41,"column":24}},"4":{"start":{"line":42,"column":8},"end":{"line":42,"column":51}},"5":{"start":{"line":44,"column":8},"end":{"line":44,"column":1071}},"6":{"start":{"line":45,"column":12},"end":{"line":45,"column":28}},"7":{"start":{"line":54,"column":8},"end":{"line":54,"column":69}},"8":{"start":{"line":56,"column":8},"end":{"line":56,"column":46}},"9":{"start":{"line":57,"column":8},"end":{"line":57,"column":34}},"10":{"start":{"line":59,"column":8},"end":{"line":59,"column":23}},"11":{"start":{"line":60,"column":8},"end":{"line":60,"column":17}},"12":{"start":{"line":73,"column":8},"end":{"line":73,"column":84}},"13":{"start":{"line":75,"column":8},"end":{"line":75,"column":2204}},"14":{"start":{"line":82,"column":8},"end":{"line":82,"column":44}},"15":{"start":{"line":84,"column":8},"end":{"line":84,"column":23}},"16":{"start":{"line":89,"column":8},"end":{"line":89,"column":30}},"17":{"start":{"line":90,"column":8},"end":{"line":90,"column":34}},"18":{"start":{"line":100,"column":8},"end":{"line":100,"column":2983}},"19":{"start":{"line":106,"column":8},"end":{"line":106,"column":39}},"20":{"start":{"line":116,"column":8},"end":{"line":116,"column":35}},"21":{"start":{"line":117,"column":8},"end":{"line":117,"column":52}},"22":{"start":{"line":119,"column":8},"end":{"line":119,"column":39}},"23":{"start":{"line":134,"column":8},"end":{"line":134,"column":4322}},"24":{"start":{"line":135,"column":12},"end":{"line":135,"column":53}},"25":{"start":{"line":136,"column":12},"end":{"line":136,"column":24}},"26":{"start":{"line":137,"column":15},"end":{"line":137,"column":56}},"27":{"start":{"line":149,"column":8},"end":{"line":149,"column":27}},"28":{"start":{"line":167,"column":8},"end":{"line":167,"column":48}},"29":{"start":{"line":168,"column":8},"end":{"line":168,"column":36}},"30":{"start":{"line":171,"column":8},"end":{"line":171,"column":5728}},"31":{"start":{"line":172,"column":12},"end":{"line":172,"column":35}},"32":{"start":{"line":173,"column":12},"end":{"line":173,"column":83}},"33":{"start":{"line":185,"column":8},"end":{"line":185,"column":28}},"34":{"start":{"line":186,"column":8},"end":{"line":186,"column":35}},"35":{"start":{"line":187,"column":8},"end":{"line":187,"column":44}},"36":{"start":{"line":197,"column":8},"end":{"line":197,"column":61}},"37":{"start":{"line":198,"column":8},"end":{"line":198,"column":44}},"38":{"start":{"line":213,"column":8},"end":{"line":213,"column":31}},"39":{"start":{"line":214,"column":8},"end":{"line":214,"column":43}},"40":{"start":{"line":229,"column":8},"end":{"line":229,"column":32}},"41":{"start":{"line":230,"column":8},"end":{"line":230,"column":38}},"42":{"start":{"line":246,"column":8},"end":{"line":246,"column":89}},"43":{"start":{"line":247,"column":8},"end":{"line":247,"column":37}},"44":{"start":{"line":248,"column":8},"end":{"line":248,"column":41}},"45":{"start":{"line":263,"column":8},"end":{"line":263,"column":35}},"46":{"start":{"line":264,"column":8},"end":{"line":264,"column":46}},"47":{"start":{"line":281,"column":8},"end":{"line":281,"column":67}},"48":{"start":{"line":283,"column":8},"end":{"line":283,"column":37}},"49":{"start":{"line":284,"column":8},"end":{"line":284,"column":44}},"50":{"start":{"line":285,"column":8},"end":{"line":285,"column":10453}},"51":{"start":{"line":286,"column":12},"end":{"line":286,"column":102}},"52":{"start":{"line":288,"column":12},"end":{"line":288,"column":102}},"53":{"start":{"line":290,"column":8},"end":{"line":290,"column":20}},"54":{"start":{"line":307,"column":8},"end":{"line":307,"column":58}},"55":{"start":{"line":308,"column":8},"end":{"line":308,"column":38}},"56":{"start":{"line":310,"column":8},"end":{"line":310,"column":11421}},"57":{"start":{"line":311,"column":12},"end":{"line":311,"column":47}},"58":{"start":{"line":312,"column":12},"end":{"line":312,"column":48}},"59":{"start":{"line":313,"column":12},"end":{"line":313,"column":11482}},"60":{"start":{"line":314,"column":16},"end":{"line":314,"column":28}},"61":{"start":{"line":316,"column":16},"end":{"line":316,"column":61}},"62":{"start":{"line":317,"column":16},"end":{"line":317,"column":68}},"63":{"start":{"line":319,"column":16},"end":{"line":319,"column":63}},"64":{"start":{"line":320,"column":16},"end":{"line":320,"column":70}},"65":{"start":{"line":323,"column":16},"end":{"line":323,"column":40}},"66":{"start":{"line":324,"column":16},"end":{"line":324,"column":47}},"67":{"start":{"line":325,"column":16},"end":{"line":325,"column":54}},"68":{"start":{"line":327,"column":12},"end":{"line":327,"column":24}},"69":{"start":{"line":329,"column":13},"end":{"line":329,"column":84}},"70":{"start":{"line":340,"column":8},"end":{"line":340,"column":12552}},"71":{"start":{"line":342,"column":8},"end":{"line":342,"column":36}},"72":{"start":{"line":343,"column":8},"end":{"line":343,"column":35}},"73":{"start":{"line":357,"column":8},"end":{"line":357,"column":44}},"74":{"start":{"line":358,"column":8},"end":{"line":358,"column":13217}},"75":{"start":{"line":359,"column":12},"end":{"line":359,"column":40}},"76":{"start":{"line":360,"column":12},"end":{"line":360,"column":43}},"77":{"start":{"line":361,"column":12},"end":{"line":361,"column":50}},"78":{"start":{"line":363,"column":8},"end":{"line":363,"column":20}},"79":{"start":{"line":377,"column":8},"end":{"line":377,"column":37}},"80":{"start":{"line":379,"column":8},"end":{"line":379,"column":44}},"81":{"start":{"line":380,"column":8},"end":{"line":380,"column":13928}},"82":{"start":{"line":381,"column":12},"end":{"line":381,"column":51}},"83":{"start":{"line":382,"column":12},"end":{"line":382,"column":41}},"84":{"start":{"line":383,"column":12},"end":{"line":383,"column":48}},"85":{"start":{"line":384,"column":15},"end":{"line":384,"column":14127}},"86":{"start":{"line":385,"column":12},"end":{"line":385,"column":14237}},"87":{"start":{"line":387,"column":12},"end":{"line":387,"column":45}},"88":{"start":{"line":388,"column":12},"end":{"line":388,"column":38}},"89":{"start":{"line":389,"column":12},"end":{"line":389,"column":52}},"90":{"start":{"line":392,"column":8},"end":{"line":392,"column":14499}},"91":{"start":{"line":393,"column":12},"end":{"line":393,"column":29}},"92":{"start":{"line":395,"column":8},"end":{"line":395,"column":20}},"93":{"start":{"line":406,"column":8},"end":{"line":406,"column":15030}},"94":{"start":{"line":407,"column":12},"end":{"line":407,"column":15087}},"95":{"start":{"line":409,"column":16},"end":{"line":409,"column":31}},"96":{"start":{"line":410,"column":16},"end":{"line":410,"column":22}}},"branchMap":{"1":{"line":24,"type":"if","locations":[{"start":{"line":24,"column":8},"end":{"line":24,"column":8}},{"start":{"line":24,"column":8},"end":{"line":24,"column":8}}]},"2":{"line":32,"type":"if","locations":[{"start":{"line":32,"column":8},"end":{"line":32,"column":8}},{"start":{"line":32,"column":8},"end":{"line":32,"column":8}}]},"3":{"line":33,"type":"cond-expr","locations":[{"start":{"line":33,"column":12},"end":{"line":33,"column":49}},{"start":{"line":34,"column":12},"end":{"line":34,"column":51}}]},"4":{"line":42,"type":"if","locations":[{"start":{"line":42,"column":8},"end":{"line":42,"column":8}},{"start":{"line":42,"column":8},"end":{"line":42,"column":8}}]},"5":{"line":44,"type":"if","locations":[{"start":{"line":44,"column":8},"end":{"line":44,"column":8}},{"start":{"line":44,"column":8},"end":{"line":44,"column":8}}]},"6":{"line":54,"type":"if","locations":[{"start":{"line":54,"column":8},"end":{"line":54,"column":8}},{"start":{"line":54,"column":8},"end":{"line":54,"column":8}}]},"7":{"line":72,"type":"if","locations":[{"start":{"line":72,"column":15},"end":{"line":72,"column":15}},{"start":{"line":72,"column":15},"end":{"line":72,"column":15}}]},"8":{"line":73,"type":"if","locations":[{"start":{"line":73,"column":8},"end":{"line":73,"column":8}},{"start":{"line":73,"column":8},"end":{"line":73,"column":8}}]},"9":{"line":88,"type":"if","locations":[{"start":{"line":88,"column":32},"end":{"line":88,"column":32}},{"start":{"line":88,"column":32},"end":{"line":88,"column":32}}]},"10":{"line":99,"type":"if","locations":[{"start":{"line":99,"column":43},"end":{"line":99,"column":43}},{"start":{"line":99,"column":43},"end":{"line":99,"column":43}}]},"11":{"line":100,"type":"if","locations":[{"start":{"line":100,"column":8},"end":{"line":100,"column":8}},{"start":{"line":100,"column":8},"end":{"line":100,"column":8}}]},"12":{"line":115,"type":"if","locations":[{"start":{"line":115,"column":33},"end":{"line":115,"column":33}},{"start":{"line":115,"column":33},"end":{"line":115,"column":33}}]},"13":{"line":133,"type":"if","locations":[{"start":{"line":133,"column":62},"end":{"line":133,"column":62}},{"start":{"line":133,"column":62},"end":{"line":133,"column":62}}]},"14":{"line":133,"type":"if","locations":[{"start":{"line":133,"column":78},"end":{"line":133,"column":78}},{"start":{"line":133,"column":78},"end":{"line":133,"column":78}}]},"15":{"line":134,"type":"if","locations":[{"start":{"line":134,"column":8},"end":{"line":134,"column":8}},{"start":{"line":134,"column":8},"end":{"line":134,"column":8}}]},"16":{"line":165,"type":"if","locations":[{"start":{"line":165,"column":54},"end":{"line":165,"column":54}},{"start":{"line":165,"column":54},"end":{"line":165,"column":54}}]},"17":{"line":165,"type":"if","locations":[{"start":{"line":165,"column":70},"end":{"line":165,"column":70}},{"start":{"line":165,"column":70},"end":{"line":165,"column":70}}]},"18":{"line":171,"type":"if","locations":[{"start":{"line":171,"column":8},"end":{"line":171,"column":8}},{"start":{"line":171,"column":8},"end":{"line":171,"column":8}}]},"19":{"line":198,"type":"if","locations":[{"start":{"line":198,"column":8},"end":{"line":198,"column":8}},{"start":{"line":198,"column":8},"end":{"line":198,"column":8}}]},"20":{"line":212,"type":"if","locations":[{"start":{"line":212,"column":8},"end":{"line":212,"column":8}},{"start":{"line":212,"column":8},"end":{"line":212,"column":8}}]},"21":{"line":212,"type":"if","locations":[{"start":{"line":212,"column":24},"end":{"line":212,"column":24}},{"start":{"line":212,"column":24},"end":{"line":212,"column":24}}]},"22":{"line":228,"type":"if","locations":[{"start":{"line":228,"column":8},"end":{"line":228,"column":8}},{"start":{"line":228,"column":8},"end":{"line":228,"column":8}}]},"23":{"line":228,"type":"if","locations":[{"start":{"line":228,"column":24},"end":{"line":228,"column":24}},{"start":{"line":228,"column":24},"end":{"line":228,"column":24}}]},"24":{"line":245,"type":"if","locations":[{"start":{"line":245,"column":8},"end":{"line":245,"column":8}},{"start":{"line":245,"column":8},"end":{"line":245,"column":8}}]},"25":{"line":245,"type":"if","locations":[{"start":{"line":245,"column":24},"end":{"line":245,"column":24}},{"start":{"line":245,"column":24},"end":{"line":245,"column":24}}]},"26":{"line":246,"type":"if","locations":[{"start":{"line":246,"column":8},"end":{"line":246,"column":8}},{"start":{"line":246,"column":8},"end":{"line":246,"column":8}}]},"27":{"line":262,"type":"if","locations":[{"start":{"line":262,"column":17},"end":{"line":262,"column":17}},{"start":{"line":262,"column":17},"end":{"line":262,"column":17}}]},"28":{"line":262,"type":"if","locations":[{"start":{"line":262,"column":33},"end":{"line":262,"column":33}},{"start":{"line":262,"column":33},"end":{"line":262,"column":33}}]},"29":{"line":280,"type":"if","locations":[{"start":{"line":280,"column":8},"end":{"line":280,"column":8}},{"start":{"line":280,"column":8},"end":{"line":280,"column":8}}]},"30":{"line":281,"type":"if","locations":[{"start":{"line":281,"column":8},"end":{"line":281,"column":8}},{"start":{"line":281,"column":8},"end":{"line":281,"column":8}}]},"31":{"line":285,"type":"if","locations":[{"start":{"line":285,"column":8},"end":{"line":285,"column":8}},{"start":{"line":285,"column":8},"end":{"line":285,"column":8}}]},"32":{"line":306,"type":"if","locations":[{"start":{"line":306,"column":46},"end":{"line":306,"column":46}},{"start":{"line":306,"column":46},"end":{"line":306,"column":46}}]},"33":{"line":310,"type":"if","locations":[{"start":{"line":310,"column":8},"end":{"line":310,"column":8}},{"start":{"line":310,"column":8},"end":{"line":310,"column":8}}]},"34":{"line":313,"type":"if","locations":[{"start":{"line":313,"column":12},"end":{"line":313,"column":12}},{"start":{"line":313,"column":12},"end":{"line":313,"column":12}}]},"35":{"line":339,"type":"if","locations":[{"start":{"line":339,"column":38},"end":{"line":339,"column":38}},{"start":{"line":339,"column":38},"end":{"line":339,"column":38}}]},"36":{"line":341,"type":"if","locations":[{"start":{"line":341,"column":12},"end":{"line":341,"column":37}},{"start":{"line":341,"column":41},"end":{"line":341,"column":64}}]},"37":{"line":356,"type":"if","locations":[{"start":{"line":356,"column":50},"end":{"line":356,"column":50}},{"start":{"line":356,"column":50},"end":{"line":356,"column":50}}]},"38":{"line":358,"type":"if","locations":[{"start":{"line":358,"column":8},"end":{"line":358,"column":8}},{"start":{"line":358,"column":8},"end":{"line":358,"column":8}}]},"39":{"line":376,"type":"if","locations":[{"start":{"line":376,"column":44},"end":{"line":376,"column":44}},{"start":{"line":376,"column":44},"end":{"line":376,"column":44}}]},"40":{"line":380,"type":"if","locations":[{"start":{"line":380,"column":8},"end":{"line":380,"column":8}},{"start":{"line":380,"column":8},"end":{"line":380,"column":8}}]},"41":{"line":384,"type":"if","locations":[{"start":{"line":384,"column":15},"end":{"line":384,"column":15}},{"start":{"line":384,"column":15},"end":{"line":384,"column":15}}]},"42":{"line":386,"type":"if","locations":[{"start":{"line":386,"column":16},"end":{"line":386,"column":41}},{"start":{"line":386,"column":45},"end":{"line":386,"column":68}}]},"43":{"line":392,"type":"if","locations":[{"start":{"line":392,"column":8},"end":{"line":392,"column":8}},{"start":{"line":392,"column":8},"end":{"line":392,"column":8}}]},"44":{"line":407,"type":"if","locations":[{"start":{"line":407,"column":12},"end":{"line":407,"column":12}},{"start":{"line":407,"column":12},"end":{"line":407,"column":12}}]}}},
"contracts/Utils.sol":{"l":{"11":83,"12":83,"13":83,"15":83,"24":28,"25":28,"26":28,"27":28,"32":20,"33":52,"34":2},"path":"/home/marco/Documenti/University/P2P/MasterMind/contracts/Utils.sol","s":{"1":83,"2":83,"3":83,"4":83,"5":28,"6":28,"7":28,"8":28,"9":20,"10":52,"11":18,"12":2},"b":{"1":[18,34]},"f":{"1":83,"2":28,"3":20},"fnMap":{"1":{"name":"rand","line":10,"loc":{"start":{"line":10,"column":0},"end":{"line":16,"column":0}}},"2":{"name":"hashOf","line":23,"loc":{"start":{"line":23,"column":0},"end":{"line":28,"column":0}}},"3":{"name":"equalCodes","line":31,"loc":{"start":{"line":31,"column":0},"end":{"line":35,"column":0}}}},"statementMap":{"1":{"start":{"line":11,"column":4},"end":{"line":11,"column":47}},"2":{"start":{"line":12,"column":4},"end":{"line":12,"column":43}},"3":{"start":{"line":13,"column":4},"end":{"line":13,"column":54}},"4":{"start":{"line":15,"column":4},"end":{"line":15,"column":41}},"5":{"start":{"line":24,"column":4},"end":{"line":24,"column":23}},"6":{"start":{"line":25,"column":4},"end":{"line":25,"column":88}},"7":{"start":{"line":26,"column":4},"end":{"line":26,"column":88}},"8":{"start":{"line":27,"column":4},"end":{"line":27,"column":46}},"9":{"start":{"line":32,"column":4},"end":{"line":32,"column":1187}},"10":{"start":{"line":33,"column":8},"end":{"line":33,"column":46}},"11":{"start":{"line":33,"column":34},"end":{"line":33,"column":46}},"12":{"start":{"line":34,"column":4},"end":{"line":34,"column":15}}},"branchMap":{"1":{"line":33,"type":"if","locations":[{"start":{"line":33,"column":8},"end":{"line":33,"column":8}},{"start":{"line":33,"column":8},"end":{"line":33,"column":8}}]}}}}
