TN:
SF:/home/marco/Documenti/University/P2P/MasterMind/contracts/Constants.sol
FNF:0
FNH:0
LF:0
LH:0
BRF:0
BRH:0
end_of_record
TN:
SF:/home/marco/Documenti/University/P2P/MasterMind/contracts/Events.sol
FNF:0
FNH:0
LF:0
LH:0
BRF:0
BRH:0
end_of_record
TN:
SF:/home/marco/Documenti/University/P2P/MasterMind/contracts/Game.sol
FN:40,newGame
FN:46,codeMakerTurn
FN:52,codeBreakerTurn
FN:58,checkPhase
FN:63,otherPlayerTurn
FN:95,checkAFK
FN:109,getCodeMaker
FN:112,getCodeBreaker
FN:117,setCodeBreaker
FN:122,howManyPayed
FN:126,popStake
FN:141,shuffleRoles
FN:159,declareStake
FN:189,setStake
FN:206,setHash
FN:219,pushGuess
FN:234,pushFeedback
FN:250,reveal
FN:266,correctFeedback
FN:309,getPoints
FN:334,whoWon
FN:344,accuseAFK
FN:355,winByAFK
FNF:23
FNH:23
FNDA:65,newGame
FNDA:300,codeMakerTurn
FNDA:240,codeBreakerTurn
FNDA:811,checkPhase
FNDA:96,otherPlayerTurn
FNDA:720,checkAFK
FNDA:1087,getCodeMaker
FNDA:506,getCodeBreaker
FNDA:53,setCodeBreaker
FNDA:80,howManyPayed
FNDA:16,popStake
FNDA:32,shuffleRoles
FNDA:88,declareStake
FNDA:71,setStake
FNDA:38,setHash
FNDA:233,pushGuess
FNDA:230,pushFeedback
FNDA:28,reveal
FNDA:5,correctFeedback
FNDA:20,getPoints
FNDA:5,whoWon
FNDA:52,accuseAFK
FNDA:4,winByAFK
DA:41,65
DA:47,300
DA:48,298
DA:53,240
DA:54,239
DA:59,811
DA:60,803
DA:64,96
DA:71,95
DA:77,36
DA:79,8
DA:84,6
DA:88,52
DA:96,720
DA:100,720
DA:105,720
DA:106,720
DA:118,53
DA:119,53
DA:127,16
DA:128,16
DA:129,16
DA:142,32
DA:143,32
DA:144,25
DA:146,32
DA:160,88
DA:161,88
DA:167,87
DA:168,1
DA:170,86
DA:171,86
DA:173,86
DA:174,41
DA:176,86
DA:190,71
DA:191,70
DA:195,70
DA:197,69
DA:207,38
DA:208,38
DA:220,233
DA:221,233
DA:222,233
DA:235,230
DA:236,230
DA:237,230
DA:251,28
DA:252,27
DA:253,27
DA:254,27
DA:267,5
DA:270,4
DA:271,4
DA:272,4
DA:275,4
DA:276,16
DA:277,10
DA:278,10
DA:279,10
DA:284,4
DA:285,16
DA:287,6
DA:288,21
DA:290,7
DA:291,2
DA:292,2
DA:293,2
DA:298,4
DA:310,20
DA:315,20
DA:320,20
DA:321,20
DA:322,20
DA:323,20
DA:324,20
DA:326,20
DA:335,5
DA:345,52
DA:346,52
DA:356,4
DA:357,4
DA:362,4
DA:363,4
DA:365,4
DA:366,3
LF:86
LH:86
BRDA:47,1,0,298
BRDA:47,1,1,2
BRDA:53,2,0,239
BRDA:53,2,1,1
BRDA:59,3,0,803
BRDA:59,3,1,8
BRDA:64,4,0,95
BRDA:64,4,1,1
BRDA:71,5,0,45
BRDA:71,5,1,50
BRDA:72,6,0,6
BRDA:72,6,1,35
BRDA:72,7,0,35
BRDA:72,7,1,4
BRDA:75,8,0,41
BRDA:75,8,1,4
BRDA:76,9,0,36
BRDA:76,9,1,14
BRDA:77,10,0,4
BRDA:77,10,1,32
BRDA:78,11,0,8
BRDA:78,11,1,6
BRDA:79,12,0,4
BRDA:79,12,1,4
BRDA:83,13,0,6
BRDA:83,13,1,0
BRDA:84,14,0,3
BRDA:84,14,1,3
BRDA:96,15,0,720
BRDA:96,15,1,0
BRDA:97,16,0,672
BRDA:97,16,1,48
BRDA:100,17,0,720
BRDA:100,17,1,0
BRDA:101,18,0,672
BRDA:101,18,1,48
BRDA:117,19,0,53
BRDA:117,19,1,0
BRDA:141,20,0,32
BRDA:141,20,1,0
BRDA:141,21,0,32
BRDA:141,21,1,0
BRDA:142,22,0,32
BRDA:142,22,1,0
BRDA:143,23,0,25
BRDA:143,23,1,7
BRDA:159,24,0,88
BRDA:159,24,1,3
BRDA:159,25,0,88
BRDA:159,25,1,0
BRDA:160,26,0,88
BRDA:160,26,1,0
BRDA:161,27,0,87
BRDA:161,27,1,1
BRDA:162,28,0,45
BRDA:162,28,1,42
BRDA:167,29,0,1
BRDA:167,29,1,86
BRDA:173,30,0,41
BRDA:173,30,1,45
BRDA:189,31,0,71
BRDA:189,31,1,2
BRDA:189,32,0,71
BRDA:189,32,1,0
BRDA:190,33,0,70
BRDA:190,33,1,1
BRDA:191,34,0,70
BRDA:191,34,1,0
BRDA:192,35,0,37
BRDA:192,35,1,33
BRDA:195,36,0,69
BRDA:195,36,1,1
BRDA:206,37,0,40
BRDA:206,37,1,1
BRDA:206,38,0,38
BRDA:206,38,1,2
BRDA:206,39,0,38
BRDA:206,39,1,0
BRDA:219,40,0,234
BRDA:219,40,1,1
BRDA:219,41,0,233
BRDA:219,41,1,1
BRDA:219,42,0,233
BRDA:219,42,1,0
BRDA:220,43,0,233
BRDA:220,43,1,0
BRDA:234,44,0,230
BRDA:234,44,1,0
BRDA:234,45,0,230
BRDA:234,45,1,0
BRDA:234,46,0,230
BRDA:234,46,1,0
BRDA:237,47,0,3
BRDA:237,47,1,31
BRDA:237,48,0,28
BRDA:237,48,1,199
BRDA:250,49,0,28
BRDA:250,49,1,1
BRDA:250,50,0,28
BRDA:250,50,1,0
BRDA:250,51,0,28
BRDA:250,51,1,0
BRDA:251,52,0,27
BRDA:251,52,1,1
BRDA:266,53,0,5
BRDA:266,53,1,0
BRDA:266,54,0,5
BRDA:266,54,1,0
BRDA:267,55,0,4
BRDA:267,55,1,1
BRDA:276,56,0,10
BRDA:276,56,1,6
BRDA:285,57,0,10
BRDA:285,57,1,6
BRDA:288,58,0,14
BRDA:288,58,1,7
BRDA:290,59,0,2
BRDA:290,59,1,5
BRDA:309,60,0,20
BRDA:309,60,1,0
BRDA:310,61,0,20
BRDA:310,61,1,0
BRDA:324,62,0,5
BRDA:324,62,1,15
BRDA:334,63,0,5
BRDA:334,63,1,0
BRDA:336,64,0,0
BRDA:336,64,1,1
BRDA:335,65,0,4
BRDA:335,65,1,1
BRDA:344,66,0,52
BRDA:344,66,1,44
BRDA:356,67,0,4
BRDA:356,67,1,0
BRDA:357,68,0,4
BRDA:357,68,1,0
BRDA:365,69,0,1
BRDA:365,69,1,3
BRDA:366,70,0,1
BRDA:366,70,1,2
BRF:140
BRH:113
end_of_record
TN:
SF:/home/marco/Documenti/University/P2P/MasterMind/contracts/MasterMind.sol
FN:23,ifNotPlaying
FN:31,userAllowed
FN:40,handleAFK
FN:53,pickFreeGame
FN:72,newGame
FN:88,newGame
FN:99,joinGame
FN:116,joinGame
FN:134,declareStake
FN:146,closeGame
FN:166,prepareGame
FN:185,punishAndReward
FN:197,call
FN:213,sendCode
FN:229,sendGuess
FN:246,sendFeedback
FN:263,submitSolution
FN:281,startDispute
FN:307,updateScore
FN:340,AFK
FN:357,claimStakeByAFK
FN:377,leaveGame
FN:406,removeFreeGame
FNF:23
FNH:23
FNDA:188,ifNotPlaying
FNDA:836,userAllowed
FNDA:700,handleAFK
FNDA:54,pickFreeGame
FNDA:66,newGame
FNDA:62,newGame
FNDA:3,joinGame
FNDA:54,joinGame
FNDA:91,declareStake
FNDA:20,closeGame
FNDA:73,prepareGame
FNDA:4,punishAndReward
FNDA:19,call
FNDA:41,sendCode
FNDA:235,sendGuess
FNDA:231,sendFeedback
FNDA:29,submitSolution
FNDA:6,startDispute
FNDA:20,updateScore
FNDA:96,AFK
FNDA:4,claimStakeByAFK
FNDA:6,leaveGame
FNDA:2,removeFreeGame
DA:24,188
DA:28,185
DA:32,836
DA:37,832
DA:41,700
DA:42,700
DA:43,700
DA:44,684
DA:45,48
DA:54,54
DA:56,51
DA:57,51
DA:58,51
DA:59,51
DA:60,51
DA:73,66
DA:75,65
DA:81,65
DA:82,65
DA:84,65
DA:89,62
DA:90,62
DA:100,3
DA:105,2
DA:106,2
DA:107,2
DA:117,54
DA:118,51
DA:119,51
DA:120,51
DA:135,91
DA:136,1
DA:137,1
DA:147,20
DA:148,20
DA:149,20
DA:150,20
DA:168,73
DA:169,73
DA:172,69
DA:173,32
DA:174,32
DA:186,4
DA:187,4
DA:188,4
DA:198,19
DA:199,19
DA:214,41
DA:215,38
DA:230,235
DA:231,233
DA:247,231
DA:248,230
DA:249,230
DA:264,29
DA:265,27
DA:282,6
DA:284,5
DA:285,5
DA:286,5
DA:287,2
DA:289,2
DA:291,4
DA:308,20
DA:309,20
DA:311,20
DA:312,5
DA:313,5
DA:314,5
DA:315,4
DA:317,4
DA:318,4
DA:320,4
DA:321,4
DA:324,1
DA:325,1
DA:326,1
DA:328,5
DA:341,96
DA:343,96
DA:344,52
DA:358,4
DA:359,4
DA:360,3
DA:361,3
DA:362,3
DA:364,4
DA:378,6
DA:380,6
DA:381,6
DA:382,1
DA:383,1
DA:384,1
DA:386,2
DA:388,2
DA:389,2
DA:390,2
DA:393,6
DA:394,2
DA:396,6
DA:407,2
DA:408,2
DA:409,2
DA:410,2
DA:411,2
LF:105
LH:105
BRDA:24,1,0,185
BRDA:24,1,1,3
BRDA:32,2,0,832
BRDA:32,2,1,4
BRDA:33,3,0,436
BRDA:33,3,1,396
BRDA:42,4,0,48
BRDA:42,4,1,652
BRDA:44,5,0,48
BRDA:44,5,1,636
BRDA:54,6,0,51
BRDA:54,6,1,3
BRDA:72,7,0,66
BRDA:72,7,1,0
BRDA:73,8,0,65
BRDA:73,8,1,1
BRDA:88,9,0,62
BRDA:88,9,1,2
BRDA:99,10,0,3
BRDA:99,10,1,0
BRDA:100,11,0,2
BRDA:100,11,1,1
BRDA:116,12,0,54
BRDA:116,12,1,1
BRDA:134,13,0,91
BRDA:134,13,1,1
BRDA:134,14,0,91
BRDA:134,14,1,0
BRDA:135,15,0,1
BRDA:135,15,1,86
BRDA:166,16,0,73
BRDA:166,16,1,1
BRDA:166,17,0,73
BRDA:166,17,1,0
BRDA:172,18,0,32
BRDA:172,18,1,37
BRDA:199,19,0,19
BRDA:199,19,1,0
BRDA:213,20,0,41
BRDA:213,20,1,1
BRDA:213,21,0,41
BRDA:213,21,1,0
BRDA:229,22,0,235
BRDA:229,22,1,0
BRDA:229,23,0,235
BRDA:229,23,1,0
BRDA:246,24,0,231
BRDA:246,24,1,0
BRDA:246,25,0,231
BRDA:246,25,1,0
BRDA:247,26,0,230
BRDA:247,26,1,1
BRDA:263,27,0,29
BRDA:263,27,1,0
BRDA:263,28,0,29
BRDA:263,28,1,0
BRDA:281,29,0,6
BRDA:281,29,1,0
BRDA:282,30,0,5
BRDA:282,30,1,1
BRDA:286,31,0,2
BRDA:286,31,1,2
BRDA:307,32,0,20
BRDA:307,32,1,0
BRDA:311,33,0,5
BRDA:311,33,1,15
BRDA:314,34,0,4
BRDA:314,34,1,1
BRDA:340,35,0,96
BRDA:340,35,1,0
BRDA:342,36,0,23
BRDA:342,36,1,73
BRDA:357,37,0,4
BRDA:357,37,1,0
BRDA:359,38,0,3
BRDA:359,38,1,1
BRDA:377,39,0,6
BRDA:377,39,1,1
BRDA:381,40,0,1
BRDA:381,40,1,5
BRDA:385,41,0,2
BRDA:385,41,1,3
BRDA:387,42,0,1
BRDA:387,42,1,1
BRDA:393,43,0,2
BRDA:393,43,1,4
BRDA:408,44,0,2
BRDA:408,44,1,0
BRF:88
BRH:71
end_of_record
TN:
SF:/home/marco/Documenti/University/P2P/MasterMind/contracts/Utils.sol
FN:10,rand
FN:23,hashOf
FN:31,equalCodes
FNF:3
FNH:3
FNDA:83,rand
FNDA:28,hashOf
FNDA:20,equalCodes
DA:11,83
DA:12,83
DA:13,83
DA:15,83
DA:24,28
DA:25,28
DA:26,28
DA:27,28
DA:32,20
DA:33,52
DA:34,2
LF:11
LH:11
BRDA:33,1,0,18
BRDA:33,1,1,34
BRF:2
BRH:2
end_of_record
