TN:
SF:/home/marco/Documenti/University/P2P/MasterMind/contracts/Constants.sol
FNF:0
FNH:0
LF:0
LH:0
BRF:0
BRH:0
end_of_record
TN:
SF:/home/marco/Documenti/University/P2P/MasterMind/contracts/Events.sol
FNF:0
FNH:0
LF:0
LH:0
BRF:0
BRH:0
end_of_record
TN:
SF:/home/marco/Documenti/University/P2P/MasterMind/contracts/Game.sol
FN:40,newGame
FN:46,codeMakerTurn
FN:52,codeBreakerTurn
FN:58,checkPhase
FN:63,otherPlayerTurn
FN:95,checkAFK
FN:109,getCodeMaker
FN:112,getCodeBreaker
FN:117,setCodeBreaker
FN:122,howManyPayed
FN:126,popStake
FN:142,shuffleRoles
FN:161,declareStake
FN:191,setStake
FN:208,setHash
FN:221,pushGuess
FN:236,pushFeedback
FN:252,reveal
FN:268,correctFeedback
FN:311,getPoints
FN:336,whoWon
FN:346,accuseAFK
FN:357,winByAFK
FNF:23
FNH:23
FNDA:58,newGame
FNDA:273,codeMakerTurn
FNDA:240,codeBreakerTurn
FNDA:759,checkPhase
FNDA:84,otherPlayerTurn
FNDA:674,checkAFK
FNDA:964,getCodeMaker
FNDA:472,getCodeBreaker
FNDA:46,setCodeBreaker
FNDA:62,howManyPayed
FNDA:10,popStake
FNDA:29,shuffleRoles
FNDA:80,declareStake
FNDA:64,setStake
FNDA:38,setHash
FNDA:233,pushGuess
FNDA:202,pushFeedback
FNDA:28,reveal
FNDA:5,correctFeedback
FNDA:20,getPoints
FNDA:5,whoWon
FNDA:76,accuseAFK
FNDA:4,winByAFK
DA:41,58
DA:47,273
DA:48,271
DA:53,240
DA:54,239
DA:59,759
DA:60,750
DA:64,84
DA:71,83
DA:77,32
DA:79,8
DA:84,6
DA:88,76
DA:96,674
DA:100,674
DA:105,674
DA:106,674
DA:118,46
DA:119,46
DA:127,10
DA:128,10
DA:129,10
DA:143,29
DA:144,29
DA:145,14
DA:147,29
DA:162,80
DA:163,80
DA:169,79
DA:170,1
DA:172,78
DA:173,78
DA:175,78
DA:176,37
DA:178,78
DA:192,64
DA:193,63
DA:197,63
DA:199,62
DA:209,38
DA:210,38
DA:222,233
DA:223,233
DA:224,233
DA:237,202
DA:238,202
DA:239,202
DA:253,28
DA:254,27
DA:255,27
DA:256,27
DA:269,5
DA:272,4
DA:273,4
DA:274,4
DA:277,4
DA:278,16
DA:279,10
DA:280,10
DA:281,10
DA:286,4
DA:287,16
DA:289,6
DA:290,21
DA:292,7
DA:293,2
DA:294,2
DA:295,2
DA:300,4
DA:312,20
DA:317,20
DA:323,20
DA:324,20
DA:325,20
DA:326,20
DA:328,20
DA:337,5
DA:347,76
DA:348,76
DA:358,4
DA:359,4
DA:364,4
DA:365,4
DA:367,4
DA:368,3
LF:85
LH:85
BRDA:47,1,0,271
BRDA:47,1,1,2
BRDA:53,2,0,239
BRDA:53,2,1,1
BRDA:59,3,0,750
BRDA:59,3,1,9
BRDA:64,4,0,83
BRDA:64,4,1,1
BRDA:71,5,0,37
BRDA:71,5,1,46
BRDA:72,6,0,2
BRDA:72,6,1,31
BRDA:72,7,0,31
BRDA:72,7,1,4
BRDA:75,8,0,37
BRDA:75,8,1,0
BRDA:76,9,0,32
BRDA:76,9,1,14
BRDA:77,10,0,32
BRDA:77,10,1,0
BRDA:78,11,0,8
BRDA:78,11,1,6
BRDA:79,12,0,4
BRDA:79,12,1,4
BRDA:83,13,0,6
BRDA:83,13,1,0
BRDA:84,14,0,3
BRDA:84,14,1,3
BRDA:96,15,0,674
BRDA:96,15,1,0
BRDA:97,16,0,602
BRDA:97,16,1,72
BRDA:100,17,0,674
BRDA:100,17,1,0
BRDA:101,18,0,602
BRDA:101,18,1,72
BRDA:117,19,0,46
BRDA:117,19,1,0
BRDA:142,20,0,29
BRDA:142,20,1,0
BRDA:142,21,0,29
BRDA:142,21,1,0
BRDA:143,22,0,29
BRDA:143,22,1,0
BRDA:144,23,0,14
BRDA:144,23,1,15
BRDA:161,24,0,80
BRDA:161,24,1,3
BRDA:161,25,0,80
BRDA:161,25,1,0
BRDA:162,26,0,80
BRDA:162,26,1,0
BRDA:163,27,0,79
BRDA:163,27,1,1
BRDA:164,28,0,41
BRDA:164,28,1,38
BRDA:169,29,0,1
BRDA:169,29,1,78
BRDA:175,30,0,37
BRDA:175,30,1,41
BRDA:191,31,0,64
BRDA:191,31,1,2
BRDA:191,32,0,64
BRDA:191,32,1,0
BRDA:192,33,0,63
BRDA:192,33,1,1
BRDA:193,34,0,63
BRDA:193,34,1,0
BRDA:194,35,0,33
BRDA:194,35,1,30
BRDA:197,36,0,62
BRDA:197,36,1,1
BRDA:208,37,0,40
BRDA:208,37,1,1
BRDA:208,38,0,38
BRDA:208,38,1,2
BRDA:208,39,0,38
BRDA:208,39,1,0
BRDA:221,40,0,234
BRDA:221,40,1,1
BRDA:221,41,0,233
BRDA:221,41,1,1
BRDA:221,42,0,233
BRDA:221,42,1,0
BRDA:222,43,0,233
BRDA:222,43,1,0
BRDA:224,44,0,205
BRDA:224,44,1,28
BRDA:236,45,0,203
BRDA:236,45,1,0
BRDA:236,46,0,202
BRDA:236,46,1,1
BRDA:236,47,0,202
BRDA:236,47,1,0
BRDA:239,48,0,199
BRDA:239,48,1,3
BRDA:252,49,0,28
BRDA:252,49,1,1
BRDA:252,50,0,28
BRDA:252,50,1,0
BRDA:252,51,0,28
BRDA:252,51,1,0
BRDA:253,52,0,27
BRDA:253,52,1,1
BRDA:268,53,0,5
BRDA:268,53,1,0
BRDA:268,54,0,5
BRDA:268,54,1,0
BRDA:269,55,0,4
BRDA:269,55,1,1
BRDA:278,56,0,10
BRDA:278,56,1,6
BRDA:287,57,0,10
BRDA:287,57,1,6
BRDA:290,58,0,14
BRDA:290,58,1,7
BRDA:292,59,0,2
BRDA:292,59,1,5
BRDA:311,60,0,20
BRDA:311,60,1,0
BRDA:312,61,0,20
BRDA:312,61,1,0
BRDA:326,62,0,5
BRDA:326,62,1,15
BRDA:336,63,0,5
BRDA:336,63,1,0
BRDA:338,64,0,0
BRDA:338,64,1,1
BRDA:337,65,0,4
BRDA:337,65,1,1
BRDA:346,66,0,76
BRDA:346,66,1,8
BRDA:358,67,0,4
BRDA:358,67,1,0
BRDA:359,68,0,4
BRDA:359,68,1,0
BRDA:367,69,0,1
BRDA:367,69,1,3
BRDA:368,70,0,1
BRDA:368,70,1,2
BRF:140
BRH:112
end_of_record
TN:
SF:/home/marco/Documenti/University/P2P/MasterMind/contracts/MasterMind.sol
FN:23,ifNotPlaying
FN:31,userAllowed
FN:45,pickFreeGame
FN:64,newGame
FN:80,newGame
FN:91,joinGame
FN:107,joinGame
FN:125,declareStake
FN:137,closeGame
FN:157,prepareGame
FN:176,punishAndReward
FN:188,call
FN:204,sendCode
FN:219,sendGuess
FN:235,sendFeedback
FN:252,submitSolution
FN:269,startDispute
FN:295,updateScore
FN:328,AFK
FN:345,claimStakeByAFK
FNF:20
FNH:20
FNDA:168,ifNotPlaying
FNDA:773,userAllowed
FNDA:48,pickFreeGame
FNDA:59,newGame
FNDA:55,newGame
FNDA:3,joinGame
FNDA:48,joinGame
FNDA:83,declareStake
FNDA:14,closeGame
FNDA:66,prepareGame
FNDA:4,punishAndReward
FNDA:16,call
FNDA:41,sendCode
FNDA:235,sendGuess
FNDA:204,sendFeedback
FNDA:29,submitSolution
FNDA:6,startDispute
FNDA:20,updateScore
FNDA:84,AFK
FNDA:4,claimStakeByAFK
DA:24,168
DA:28,165
DA:32,773
DA:37,772
DA:46,48
DA:48,46
DA:49,46
DA:50,46
DA:51,46
DA:52,46
DA:65,59
DA:67,58
DA:73,58
DA:74,58
DA:76,58
DA:81,55
DA:82,55
DA:92,3
DA:97,2
DA:98,2
DA:108,48
DA:109,46
DA:110,46
DA:111,46
DA:126,83
DA:127,1
DA:128,1
DA:138,14
DA:139,14
DA:140,14
DA:141,14
DA:159,66
DA:160,66
DA:163,62
DA:164,29
DA:165,29
DA:177,4
DA:178,4
DA:179,4
DA:189,16
DA:190,16
DA:205,41
DA:206,38
DA:220,235
DA:221,233
DA:236,204
DA:237,203
DA:238,202
DA:253,29
DA:254,27
DA:270,6
DA:272,5
DA:273,5
DA:274,5
DA:275,2
DA:277,2
DA:279,4
DA:296,20
DA:297,20
DA:299,20
DA:300,5
DA:301,5
DA:302,5
DA:303,4
DA:305,4
DA:306,4
DA:308,4
DA:309,4
DA:312,1
DA:313,1
DA:314,1
DA:316,5
DA:329,84
DA:331,84
DA:332,76
DA:346,4
DA:347,4
DA:348,3
DA:349,3
DA:350,3
DA:352,4
LF:81
LH:81
BRDA:24,1,0,165
BRDA:24,1,1,3
BRDA:32,2,0,772
BRDA:32,2,1,1
BRDA:33,3,0,421
BRDA:33,3,1,351
BRDA:46,4,0,46
BRDA:46,4,1,2
BRDA:64,5,0,59
BRDA:64,5,1,0
BRDA:65,6,0,58
BRDA:65,6,1,1
BRDA:80,7,0,55
BRDA:80,7,1,2
BRDA:91,8,0,3
BRDA:91,8,1,0
BRDA:92,9,0,2
BRDA:92,9,1,1
BRDA:107,10,0,48
BRDA:107,10,1,1
BRDA:125,11,0,83
BRDA:125,11,1,0
BRDA:126,12,0,1
BRDA:126,12,1,78
BRDA:157,13,0,66
BRDA:157,13,1,0
BRDA:163,14,0,29
BRDA:163,14,1,33
BRDA:190,15,0,16
BRDA:190,15,1,0
BRDA:204,16,0,41
BRDA:204,16,1,1
BRDA:219,17,0,235
BRDA:219,17,1,0
BRDA:235,18,0,204
BRDA:235,18,1,0
BRDA:236,19,0,203
BRDA:236,19,1,1
BRDA:252,20,0,29
BRDA:252,20,1,0
BRDA:269,21,0,6
BRDA:269,21,1,0
BRDA:270,22,0,5
BRDA:270,22,1,1
BRDA:274,23,0,2
BRDA:274,23,1,2
BRDA:295,24,0,20
BRDA:295,24,1,0
BRDA:299,25,0,5
BRDA:299,25,1,15
BRDA:302,26,0,4
BRDA:302,26,1,1
BRDA:328,27,0,84
BRDA:328,27,1,0
BRDA:330,28,0,47
BRDA:330,28,1,37
BRDA:345,29,0,4
BRDA:345,29,1,0
BRDA:347,30,0,3
BRDA:347,30,1,1
BRF:60
BRH:48
end_of_record
TN:
SF:/home/marco/Documenti/University/P2P/MasterMind/contracts/Utils.sol
FN:10,rand
FN:23,hashOf
FN:31,equalCodes
FNF:3
FNH:3
FNDA:75,rand
FNDA:28,hashOf
FNDA:20,equalCodes
DA:11,75
DA:12,75
DA:13,75
DA:15,75
DA:24,28
DA:25,28
DA:26,28
DA:27,28
DA:32,20
DA:33,52
DA:34,2
LF:11
LH:11
BRDA:33,1,0,18
BRDA:33,1,1,34
BRF:2
BRH:2
end_of_record
